[2024-07-18-05:57:37] population size: 100
[2024-07-18-05:57:37] epoch count: 200
[2024-07-18-05:57:37] match iteration count: 100
[2024-07-18-05:57:37] mutation: one-flip
[2024-07-18-05:57:37] mutation rate: 0.02
[2024-07-18-05:57:37] recombination: uniform
[2024-07-18-05:57:37] recombination rate: 0.7
[2024-07-18-05:57:37] selection: tournament
[2024-07-18-05:57:37] tournament steps: 10

[2024-07-18-05:57:37] Epoch 1 / 200
[2024-07-18-05:57:37] Selecting individuals of population...
[2024-07-18-05:57:37] Playing tournament...
[2024-07-18-05:57:49] Wins: [5, 4, 1, 2, 4, 5, 8, 9, 6, 6, 5, 5, 7, 1, 3, 0, 8, 7, 8, 2, 0, 5, 6, 5, 6, 5, 5, 6, 0, 3, 9, 6, 3, 8, 0, 7, 0, 6, 0, 4, 2, 7, 2, 8, 6, 3, 2, 6, 7, 6, 8, 4, 5, 9, 3, 8, 3, 1, 6, 5, 8, 5, 2, 1, 4, 5, 5, 4, 0, 8, 5, 3, 2, 1, 5, 8, 4, 0, 3, 0, 8, 1, 7, 5, 1, 4, 6, 9, 0, 2, 3, 3, 2, 10, 4, 4, 0, 2, 8, 1]
[2024-07-18-05:57:49] Selecting...
[2024-07-18-05:57:49] Selected 100 strategies
[2024-07-18-05:57:49] with wins: [10, 9, 9, 9, 9, 8, 8, 8, 8, 8, 8, 8, 8, 8, 8, 8, 8, 7, 7, 7, 7, 7, 7, 6, 6, 6, 6, 6, 6, 6, 6, 6, 6, 6, 6, 5, 5, 5, 5, 5, 5, 5, 5, 5, 5, 5, 5, 5, 5, 5, 5, 4, 4, 4, 4, 4, 4, 4, 4, 4, 4, 3, 3, 3, 3, 3, 3, 3, 3, 3, 3, 2, 2, 2, 2, 2, 2, 2, 2, 2, 2, 1, 1, 1, 1, 1, 1, 1, 1, 0, 0, 0, 0, 0, 0, 0, 0, 0, 0, 0]
[2024-07-18-05:57:49] Best strategy (score: 10)
[2024-07-18-05:57:49] Genetic Strategy
[2024-07-18-05:57:49] moveTable
[2024-07-18-05:57:49] [C, C, C] --> D
[2024-07-18-05:57:49] [C, C, D] --> C
[2024-07-18-05:57:49] [C, D, C] --> C
[2024-07-18-05:57:49] [C, D, D] --> C
[2024-07-18-05:57:49] [D, C, C] --> D
[2024-07-18-05:57:49] [D, C, D] --> D
[2024-07-18-05:57:49] [D, D, C] --> D
[2024-07-18-05:57:49] [D, D, D] --> D
[2024-07-18-05:57:49] Recombining and mutating selection...
[2024-07-18-05:57:49] Created new population.

[2024-07-18-05:57:49] Epoch 2 / 200
[2024-07-18-05:57:49] Selecting individuals of population...
[2024-07-18-05:57:49] Playing tournament...
[2024-07-18-05:58:24] Wins: [9, 9, 10, 8, 9, 5, 5, 6, 3, 7, 6, 6, 5, 7, 10, 3, 5, 4, 5, 8, 4, 3, 5, 6, 10, 5, 7, 6, 7, 5, 1, 6, 6, 4, 6, 6, 6, 6, 3, 3, 3, 4, 8, 6, 4, 6, 9, 2, 8, 4, 5, 7, 3, 3, 1, 9, 8, 6, 2, 6, 5, 4, 2, 2, 1, 1, 1, 3, 5, 5, 5, 2, 0, 4, 3, 4, 7, 6, 7, 3, 2, 1, 1, 1, 0, 3, 1, 3, 1, 5, 0, 0, 0, 4, 3, 1, 2, 1, 0, 0]
[2024-07-18-05:58:24] Selecting...
[2024-07-18-05:58:24] Selected 100 strategies
[2024-07-18-05:58:24] with wins: [10, 10, 10, 9, 9, 9, 9, 9, 8, 8, 8, 8, 8, 7, 7, 7, 7, 7, 7, 7, 6, 6, 6, 6, 6, 6, 6, 6, 6, 6, 6, 6, 6, 6, 6, 6, 5, 5, 5, 5, 5, 5, 5, 5, 5, 5, 5, 5, 5, 5, 4, 4, 4, 4, 4, 4, 4, 4, 4, 4, 3, 3, 3, 3, 3, 3, 3, 3, 3, 3, 3, 3, 3, 3, 2, 2, 2, 2, 2, 2, 2, 1, 1, 1, 1, 1, 1, 1, 1, 1, 1, 1, 1, 0, 0, 0, 0, 0, 0, 0]
[2024-07-18-05:58:24] Best strategy (score: 10)
[2024-07-18-05:58:24] Genetic Strategy
[2024-07-18-05:58:24] moveTable
[2024-07-18-05:58:24] [C, C, C] --> C
[2024-07-18-05:58:24] [C, C, D] --> D
[2024-07-18-05:58:24] [C, D, C] --> D
[2024-07-18-05:58:24] [C, D, D] --> D
[2024-07-18-05:58:24] [D, C, C] --> D
[2024-07-18-05:58:24] [D, C, D] --> D
[2024-07-18-05:58:24] [D, D, C] --> C
[2024-07-18-05:58:24] [D, D, D] --> D
[2024-07-18-05:58:24] Recombining and mutating selection...
[2024-07-18-05:58:24] Created new population.

[2024-07-18-05:58:24] Epoch 3 / 200
[2024-07-18-05:58:24] Selecting individuals of population...
[2024-07-18-05:58:24] Playing tournament...
[2024-07-18-05:59:20] Wins: [9, 9, 9, 7, 10, 9, 5, 6, 9, 5, 3, 4, 7, 4, 8, 6, 7, 7, 8, 8, 6, 5, 5, 7, 3, 6, 3, 6, 4, 7, 6, 4, 7, 4, 6, 2, 7, 3, 9, 5, 6, 5, 5, 9, 4, 6, 2, 4, 0, 5, 4, 5, 5, 5, 6, 8, 3, 6, 1, 1, 5, 6, 6, 0, 3, 0, 7, 6, 5, 4, 6, 5, 1, 3, 4, 1, 3, 2, 5, 3, 1, 2, 1, 6, 1, 4, 0, 0, 4, 4, 3, 2, 1, 3, 1, 1, 1, 0, 0, 1]
[2024-07-18-05:59:20] Selecting...
[2024-07-18-05:59:20] Selected 100 strategies
[2024-07-18-05:59:20] with wins: [10, 9, 9, 9, 9, 9, 9, 9, 8, 8, 8, 8, 7, 7, 7, 7, 7, 7, 7, 7, 7, 6, 6, 6, 6, 6, 6, 6, 6, 6, 6, 6, 6, 6, 6, 6, 6, 5, 5, 5, 5, 5, 5, 5, 5, 5, 5, 5, 5, 5, 5, 5, 4, 4, 4, 4, 4, 4, 4, 4, 4, 4, 4, 4, 4, 3, 3, 3, 3, 3, 3, 3, 3, 3, 3, 3, 2, 2, 2, 2, 2, 1, 1, 1, 1, 1, 1, 1, 1, 1, 1, 1, 1, 0, 0, 0, 0, 0, 0, 0]
[2024-07-18-05:59:20] Best strategy (score: 10)
[2024-07-18-05:59:20] Genetic Strategy
[2024-07-18-05:59:20] moveTable
[2024-07-18-05:59:20] [C, C, C] --> D
[2024-07-18-05:59:20] [C, C, D] --> D
[2024-07-18-05:59:20] [C, D, C] --> C
[2024-07-18-05:59:20] [C, D, D] --> D
[2024-07-18-05:59:20] [D, C, C] --> D
[2024-07-18-05:59:20] [D, C, D] --> D
[2024-07-18-05:59:20] [D, D, C] --> D
[2024-07-18-05:59:20] [D, D, D] --> D
[2024-07-18-05:59:20] Recombining and mutating selection...
[2024-07-18-05:59:20] Created new population.

[2024-07-18-05:59:20] Epoch 4 / 200
[2024-07-18-05:59:20] Selecting individuals of population...
[2024-07-18-05:59:20] Playing tournament...
[2024-07-18-06:00:40] Wins: [8, 8, 9, 9, 10, 10, 4, 6, 6, 9, 5, 8, 8, 1, 9, 4, 5, 6, 1, 7, 6, 7, 6, 6, 7, 7, 4, 4, 2, 1, 2, 9, 5, 5, 3, 7, 6, 5, 7, 6, 7, 4, 8, 7, 7, 4, 1, 4, 1, 3, 1, 5, 4, 4, 5, 2, 6, 5, 6, 4, 2, 6, 4, 5, 2, 4, 3, 1, 2, 3, 6, 5, 6, 4, 1, 3, 3, 2, 1, 1, 2, 0, 3, 0, 3, 0, 7, 5, 0, 1, 0, 0, 0, 1, 4, 1, 3, 0, 0, 0]
[2024-07-18-06:00:40] Selecting...
[2024-07-18-06:00:40] Selected 100 strategies
[2024-07-18-06:00:40] with wins: [10, 10, 9, 9, 9, 9, 9, 8, 8, 8, 8, 8, 7, 7, 7, 7, 7, 7, 7, 7, 7, 7, 6, 6, 6, 6, 6, 6, 6, 6, 6, 6, 6, 6, 6, 5, 5, 5, 5, 5, 5, 5, 5, 5, 5, 5, 4, 4, 4, 4, 4, 4, 4, 4, 4, 4, 4, 4, 4, 4, 3, 3, 3, 3, 3, 3, 3, 3, 3, 2, 2, 2, 2, 2, 2, 2, 2, 1, 1, 1, 1, 1, 1, 1, 1, 1, 1, 1, 1, 1, 0, 0, 0, 0, 0, 0, 0, 0, 0, 0]
[2024-07-18-06:00:40] Best strategy (score: 10)
[2024-07-18-06:00:40] Genetic Strategy
[2024-07-18-06:00:40] moveTable
[2024-07-18-06:00:40] [C, C, C] --> C
[2024-07-18-06:00:40] [C, C, D] --> C
[2024-07-18-06:00:40] [C, D, C] --> C
[2024-07-18-06:00:40] [C, D, D] --> D
[2024-07-18-06:00:40] [D, C, C] --> D
[2024-07-18-06:00:40] [D, C, D] --> D
[2024-07-18-06:00:40] [D, D, C] --> D
[2024-07-18-06:00:40] [D, D, D] --> D
[2024-07-18-06:00:40] Recombining and mutating selection...
[2024-07-18-06:00:40] Created new population.

[2024-07-18-06:00:40] Epoch 5 / 200
[2024-07-18-06:00:40] Selecting individuals of population...
[2024-07-18-06:00:40] Playing tournament...
[2024-07-18-06:02:21] Wins: [10, 7, 10, 10, 7, 6, 8, 9, 8, 8, 5, 8, 4, 7, 9, 8, 4, 7, 6, 5, 3, 4, 6, 4, 4, 3, 8, 10, 4, 5, 3, 7, 1, 8, 4, 5, 6, 4, 6, 9, 3, 4, 6, 5, 1, 1, 5, 6, 8, 6, 5, 5, 4, 2, 6, 3, 3, 2, 2, 6, 2, 2, 7, 1, 0, 3, 6, 1, 2, 6, 7, 8, 2, 3, 4, 1, 1, 5, 6, 2, 1, 1, 1, 2, 7, 0, 0, 1, 4, 1, 0, 1, 0, 0, 0, 1, 0, 0, 5, 0]
[2024-07-18-06:02:21] Selecting...
[2024-07-18-06:02:21] Selected 100 strategies
[2024-07-18-06:02:21] with wins: [10, 10, 10, 10, 9, 9, 9, 8, 8, 8, 8, 8, 8, 8, 8, 8, 7, 7, 7, 7, 7, 7, 7, 7, 6, 6, 6, 6, 6, 6, 6, 6, 6, 6, 6, 6, 6, 5, 5, 5, 5, 5, 5, 5, 5, 5, 5, 4, 4, 4, 4, 4, 4, 4, 4, 4, 4, 4, 4, 3, 3, 3, 3, 3, 3, 3, 3, 2, 2, 2, 2, 2, 2, 2, 2, 2, 1, 1, 1, 1, 1, 1, 1, 1, 1, 1, 1, 1, 1, 1, 0, 0, 0, 0, 0, 0, 0, 0, 0, 0]
[2024-07-18-06:02:21] Best strategy (score: 10)
[2024-07-18-06:02:21] Genetic Strategy
[2024-07-18-06:02:21] moveTable
[2024-07-18-06:02:21] [C, C, C] --> C
[2024-07-18-06:02:21] [C, C, D] --> C
[2024-07-18-06:02:21] [C, D, C] --> C
[2024-07-18-06:02:21] [C, D, D] --> D
[2024-07-18-06:02:21] [D, C, C] --> D
[2024-07-18-06:02:21] [D, C, D] --> D
[2024-07-18-06:02:21] [D, D, C] --> D
[2024-07-18-06:02:21] [D, D, D] --> D
[2024-07-18-06:02:21] Recombining and mutating selection...
[2024-07-18-06:02:21] Created new population.

[2024-07-18-06:02:21] Epoch 6 / 200
[2024-07-18-06:02:21] Selecting individuals of population...
[2024-07-18-06:02:21] Playing tournament...
[2024-07-18-06:04:21] Wins: [9, 8, 9, 5, 8, 9, 9, 5, 8, 5, 8, 10, 6, 3, 6, 4, 8, 5, 9, 8, 5, 8, 3, 4, 6, 5, 9, 7, 2, 4, 7, 1, 3, 5, 4, 8, 6, 4, 5, 5, 2, 2, 6, 2, 1, 4, 3, 2, 5, 0, 7, 6, 6, 3, 9, 4, 0, 4, 2, 5, 2, 5, 7, 2, 4, 2, 6, 5, 3, 3, 3, 2, 2, 6, 1, 1, 2, 4, 3, 3, 2, 0, 3, 4, 5, 3, 0, 3, 5, 0, 4, 0, 3, 1, 0, 0, 1, 1, 0, 0]
[2024-07-18-06:04:21] Selecting...
[2024-07-18-06:04:21] Selected 100 strategies
[2024-07-18-06:04:21] with wins: [10, 9, 9, 9, 9, 9, 9, 9, 8, 8, 8, 8, 8, 8, 8, 8, 7, 7, 7, 7, 6, 6, 6, 6, 6, 6, 6, 6, 6, 5, 5, 5, 5, 5, 5, 5, 5, 5, 5, 5, 5, 5, 5, 5, 4, 4, 4, 4, 4, 4, 4, 4, 4, 4, 4, 4, 3, 3, 3, 3, 3, 3, 3, 3, 3, 3, 3, 3, 3, 3, 2, 2, 2, 2, 2, 2, 2, 2, 2, 2, 2, 2, 2, 1, 1, 1, 1, 1, 1, 1, 0, 0, 0, 0, 0, 0, 0, 0, 0, 0]
[2024-07-18-06:04:21] Best strategy (score: 10)
[2024-07-18-06:04:21] Genetic Strategy
[2024-07-18-06:04:21] moveTable
[2024-07-18-06:04:21] [C, C, C] --> D
[2024-07-18-06:04:21] [C, C, D] --> C
[2024-07-18-06:04:21] [C, D, C] --> D
[2024-07-18-06:04:21] [C, D, D] --> D
[2024-07-18-06:04:21] [D, C, C] --> D
[2024-07-18-06:04:21] [D, C, D] --> D
[2024-07-18-06:04:21] [D, D, C] --> C
[2024-07-18-06:04:21] [D, D, D] --> D
[2024-07-18-06:04:21] Recombining and mutating selection...
[2024-07-18-06:04:21] Created new population.

[2024-07-18-06:04:21] Epoch 7 / 200
[2024-07-18-06:04:21] Selecting individuals of population...
[2024-07-18-06:04:21] Playing tournament...
[2024-07-18-06:06:46] Wins: [4, 9, 3, 10, 7, 6, 6, 2, 7, 8, 8, 5, 9, 5, 9, 8, 8, 2, 8, 6, 8, 5, 7, 3, 2, 8, 6, 7, 3, 4, 9, 7, 9, 3, 7, 6, 3, 7, 1, 3, 6, 2, 6, 3, 1, 1, 7, 4, 2, 5, 8, 5, 2, 0, 2, 2, 4, 7, 4, 6, 3, 2, 5, 5, 5, 4, 2, 5, 2, 1, 4, 6, 0, 2, 4, 2, 5, 5, 2, 0, 3, 5, 2, 2, 3, 4, 1, 5, 2, 0, 3, 4, 1, 0, 0, 5, 0, 6, 1, 0]
[2024-07-18-06:06:46] Selecting...
[2024-07-18-06:06:46] Selected 100 strategies
[2024-07-18-06:06:46] with wins: [10, 9, 9, 9, 9, 9, 8, 8, 8, 8, 8, 8, 8, 8, 7, 7, 7, 7, 7, 7, 7, 7, 7, 6, 6, 6, 6, 6, 6, 6, 6, 6, 6, 5, 5, 5, 5, 5, 5, 5, 5, 5, 5, 5, 5, 5, 5, 4, 4, 4, 4, 4, 4, 4, 4, 4, 4, 3, 3, 3, 3, 3, 3, 3, 3, 3, 3, 3, 2, 2, 2, 2, 2, 2, 2, 2, 2, 2, 2, 2, 2, 2, 2, 2, 2, 1, 1, 1, 1, 1, 1, 1, 0, 0, 0, 0, 0, 0, 0, 0]
[2024-07-18-06:06:46] Best strategy (score: 10)
[2024-07-18-06:06:46] Genetic Strategy
[2024-07-18-06:06:46] moveTable
[2024-07-18-06:06:46] [C, C, C] --> D
[2024-07-18-06:06:46] [C, C, D] --> C
[2024-07-18-06:06:46] [C, D, C] --> D
[2024-07-18-06:06:46] [C, D, D] --> D
[2024-07-18-06:06:46] [D, C, C] --> D
[2024-07-18-06:06:46] [D, C, D] --> C
[2024-07-18-06:06:46] [D, D, C] --> D
[2024-07-18-06:06:46] [D, D, D] --> D
[2024-07-18-06:06:46] Recombining and mutating selection...
[2024-07-18-06:06:46] Created new population.

[2024-07-18-06:06:46] Epoch 8 / 200
[2024-07-18-06:06:46] Selecting individuals of population...
[2024-07-18-06:06:46] Playing tournament...
[2024-07-18-06:09:33] Wins: [8, 6, 9, 6, 9, 8, 10, 8, 4, 7, 5, 8, 8, 2, 7, 7, 7, 5, 9, 4, 8, 8, 6, 9, 4, 8, 4, 1, 3, 2, 6, 2, 3, 7, 6, 7, 4, 4, 8, 5, 1, 6, 2, 2, 7, 6, 4, 6, 7, 2, 5, 8, 5, 4, 8, 4, 3, 2, 6, 7, 7, 3, 5, 3, 5, 3, 5, 2, 1, 6, 5, 4, 7, 4, 5, 1, 2, 3, 1, 6, 4, 2, 1, 6, 1, 3, 2, 2, 2, 1, 3, 0, 0, 2, 3, 0, 0, 0, 4, 0]
[2024-07-18-06:09:33] Selecting...
[2024-07-18-06:09:33] Selected 100 strategies
[2024-07-18-06:09:33] with wins: [10, 9, 9, 9, 9, 8, 8, 8, 8, 8, 8, 8, 8, 8, 8, 8, 7, 7, 7, 7, 7, 7, 7, 7, 7, 7, 7, 6, 6, 6, 6, 6, 6, 6, 6, 6, 6, 6, 6, 5, 5, 5, 5, 5, 5, 5, 5, 5, 5, 4, 4, 4, 4, 4, 4, 4, 4, 4, 4, 4, 4, 4, 3, 3, 3, 3, 3, 3, 3, 3, 3, 3, 2, 2, 2, 2, 2, 2, 2, 2, 2, 2, 2, 2, 2, 2, 1, 1, 1, 1, 1, 1, 1, 1, 0, 0, 0, 0, 0, 0]
[2024-07-18-06:09:33] Best strategy (score: 10)
[2024-07-18-06:09:33] Genetic Strategy
[2024-07-18-06:09:33] moveTable
[2024-07-18-06:09:33] [C, C, C] --> C
[2024-07-18-06:09:33] [C, C, D] --> D
[2024-07-18-06:09:33] [C, D, C] --> D
[2024-07-18-06:09:33] [C, D, D] --> D
[2024-07-18-06:09:33] [D, C, C] --> D
[2024-07-18-06:09:33] [D, C, D] --> D
[2024-07-18-06:09:33] [D, D, C] --> D
[2024-07-18-06:09:33] [D, D, D] --> D
[2024-07-18-06:09:33] Recombining and mutating selection...
[2024-07-18-06:09:33] Created new population.

[2024-07-18-06:09:33] Epoch 9 / 200
[2024-07-18-06:09:33] Selecting individuals of population...
[2024-07-18-06:09:33] Playing tournament...
[2024-07-18-06:12:42] Wins: [8, 9, 8, 5, 10, 8, 7, 9, 4, 4, 4, 5, 8, 3, 3, 6, 4, 10, 7, 10, 3, 7, 3, 9, 3, 7, 5, 7, 6, 3, 5, 3, 4, 0, 6, 6, 4, 4, 6, 7, 2, 2, 8, 4, 2, 4, 5, 4, 4, 6, 6, 6, 6, 3, 5, 2, 6, 7, 6, 2, 4, 2, 4, 5, 2, 2, 3, 5, 2, 3, 3, 2, 6, 4, 3, 1, 4, 5, 8, 3, 2, 3, 2, 4, 3, 5, 5, 3, 1, 0, 1, 6, 1, 2, 2, 0, 0, 0, 1, 0]
[2024-07-18-06:12:42] Selecting...
[2024-07-18-06:12:42] Selected 100 strategies
[2024-07-18-06:12:42] with wins: [10, 10, 10, 9, 9, 9, 8, 8, 8, 8, 8, 8, 7, 7, 7, 7, 7, 7, 7, 6, 6, 6, 6, 6, 6, 6, 6, 6, 6, 6, 6, 6, 5, 5, 5, 5, 5, 5, 5, 5, 5, 5, 5, 4, 4, 4, 4, 4, 4, 4, 4, 4, 4, 4, 4, 4, 4, 4, 4, 3, 3, 3, 3, 3, 3, 3, 3, 3, 3, 3, 3, 3, 3, 3, 3, 2, 2, 2, 2, 2, 2, 2, 2, 2, 2, 2, 2, 2, 2, 1, 1, 1, 1, 1, 0, 0, 0, 0, 0, 0]
[2024-07-18-06:12:42] Best strategy (score: 10)
[2024-07-18-06:12:42] Genetic Strategy
[2024-07-18-06:12:42] moveTable
[2024-07-18-06:12:42] [C, C, C] --> D
[2024-07-18-06:12:42] [C, C, D] --> C
[2024-07-18-06:12:42] [C, D, C] --> D
[2024-07-18-06:12:42] [C, D, D] --> D
[2024-07-18-06:12:42] [D, C, C] --> C
[2024-07-18-06:12:42] [D, C, D] --> C
[2024-07-18-06:12:42] [D, D, C] --> D
[2024-07-18-06:12:42] [D, D, D] --> D
[2024-07-18-06:12:42] Recombining and mutating selection...
[2024-07-18-06:12:42] Created new population.

[2024-07-18-06:12:42] Epoch 10 / 200
[2024-07-18-06:12:42] Selecting individuals of population...
[2024-07-18-06:12:42] Playing tournament...
[2024-07-18-06:16:15] Wins: [9, 4, 9, 10, 8, 8, 10, 8, 9, 7, 4, 7, 3, 6, 7, 4, 5, 5, 3, 3, 5, 5, 4, 5, 3, 5, 7, 3, 7, 5, 4, 0, 6, 4, 5, 8, 3, 3, 3, 4, 3, 3, 2, 6, 4, 6, 9, 1, 4, 0, 2, 2, 5, 6, 3, 3, 3, 1, 5, 5, 6, 8, 3, 3, 3, 4, 4, 3, 1, 1, 7, 0, 5, 2, 4, 5, 2, 3, 2, 4, 1, 4, 3, 2, 4, 4, 2, 1, 1, 1, 0, 0, 0, 0, 0, 3, 1, 0, 1, 6]
[2024-07-18-06:16:15] Selecting...
[2024-07-18-06:16:15] Selected 100 strategies
[2024-07-18-06:16:15] with wins: [10, 10, 9, 9, 9, 9, 8, 8, 8, 8, 8, 7, 7, 7, 7, 7, 7, 6, 6, 6, 6, 6, 6, 6, 5, 5, 5, 5, 5, 5, 5, 5, 5, 5, 5, 5, 5, 4, 4, 4, 4, 4, 4, 4, 4, 4, 4, 4, 4, 4, 4, 4, 4, 3, 3, 3, 3, 3, 3, 3, 3, 3, 3, 3, 3, 3, 3, 3, 3, 3, 3, 3, 3, 2, 2, 2, 2, 2, 2, 2, 2, 1, 1, 1, 1, 1, 1, 1, 1, 1, 1, 0, 0, 0, 0, 0, 0, 0, 0, 0]
[2024-07-18-06:16:15] Best strategy (score: 10)
[2024-07-18-06:16:15] Genetic Strategy
[2024-07-18-06:16:15] moveTable
[2024-07-18-06:16:15] [C, C, C] --> D
[2024-07-18-06:16:15] [C, C, D] --> D
[2024-07-18-06:16:15] [C, D, C] --> C
[2024-07-18-06:16:15] [C, D, D] --> D
[2024-07-18-06:16:15] [D, C, C] --> D
[2024-07-18-06:16:15] [D, C, D] --> C
[2024-07-18-06:16:15] [D, D, C] --> D
[2024-07-18-06:16:15] [D, D, D] --> D
[2024-07-18-06:16:15] Recombining and mutating selection...
[2024-07-18-06:16:15] Created new population.

[2024-07-18-06:16:15] Epoch 11 / 200
[2024-07-18-06:16:15] Selecting individuals of population...
[2024-07-18-06:16:15] Playing tournament...
[2024-07-18-06:20:10] Wins: [8, 10, 10, 8, 6, 7, 9, 8, 7, 4, 7, 7, 8, 4, 4, 8, 2, 3, 8, 7, 8, 3, 9, 2, 5, 4, 5, 1, 5, 4, 7, 6, 4, 1, 6, 4, 4, 6, 4, 9, 7, 5, 9, 2, 4, 7, 6, 7, 6, 3, 1, 6, 3, 7, 1, 5, 6, 7, 3, 5, 1, 7, 4, 7, 1, 4, 2, 6, 2, 6, 5, 4, 2, 2, 2, 4, 2, 6, 6, 3, 2, 4, 1, 2, 1, 5, 4, 1, 3, 0, 0, 1, 5, 0, 0, 0, 0, 2, 2, 0]
[2024-07-18-06:20:10] Selecting...
[2024-07-18-06:20:10] Selected 100 strategies
[2024-07-18-06:20:10] with wins: [10, 10, 9, 9, 9, 9, 8, 8, 8, 8, 8, 8, 8, 7, 7, 7, 7, 7, 7, 7, 7, 7, 7, 7, 7, 7, 6, 6, 6, 6, 6, 6, 6, 6, 6, 6, 6, 6, 5, 5, 5, 5, 5, 5, 5, 5, 5, 4, 4, 4, 4, 4, 4, 4, 4, 4, 4, 4, 4, 4, 4, 4, 4, 3, 3, 3, 3, 3, 3, 3, 2, 2, 2, 2, 2, 2, 2, 2, 2, 2, 2, 2, 2, 1, 1, 1, 1, 1, 1, 1, 1, 1, 1, 0, 0, 0, 0, 0, 0, 0]
[2024-07-18-06:20:10] Best strategy (score: 10)
[2024-07-18-06:20:10] Genetic Strategy
[2024-07-18-06:20:10] moveTable
[2024-07-18-06:20:10] [C, C, C] --> C
[2024-07-18-06:20:10] [C, C, D] --> D
[2024-07-18-06:20:10] [C, D, C] --> D
[2024-07-18-06:20:10] [C, D, D] --> C
[2024-07-18-06:20:10] [D, C, C] --> C
[2024-07-18-06:20:10] [D, C, D] --> D
[2024-07-18-06:20:10] [D, D, C] --> D
[2024-07-18-06:20:10] [D, D, D] --> D
[2024-07-18-06:20:10] Recombining and mutating selection...
[2024-07-18-06:20:10] Created new population.

[2024-07-18-06:20:10] Epoch 12 / 200
[2024-07-18-06:20:10] Selecting individuals of population...
[2024-07-18-06:20:10] Playing tournament...
[2024-07-18-06:24:24] Wins: [9, 8, 10, 9, 9, 5, 6, 9, 8, 9, 6, 8, 9, 5, 7, 9, 2, 8, 5, 6, 5, 3, 4, 4, 3, 3, 9, 6, 6, 5, 5, 4, 5, 9, 6, 6, 4, 3, 6, 8, 1, 1, 3, 1, 5, 2, 5, 6, 1, 5, 0, 8, 5, 5, 4, 6, 1, 6, 4, 4, 1, 3, 3, 6, 7, 0, 3, 3, 7, 1, 7, 4, 4, 3, 2, 2, 3, 4, 4, 2, 0, 1, 3, 4, 2, 2, 0, 2, 4, 1, 0, 1, 6, 2, 0, 0, 0, 0, 0, 0]
[2024-07-18-06:24:24] Selecting...
[2024-07-18-06:24:24] Selected 100 strategies
[2024-07-18-06:24:24] with wins: [10, 9, 9, 9, 9, 9, 9, 9, 9, 9, 8, 8, 8, 8, 8, 8, 7, 7, 7, 7, 6, 6, 6, 6, 6, 6, 6, 6, 6, 6, 6, 6, 6, 5, 5, 5, 5, 5, 5, 5, 5, 5, 5, 5, 5, 4, 4, 4, 4, 4, 4, 4, 4, 4, 4, 4, 4, 4, 3, 3, 3, 3, 3, 3, 3, 3, 3, 3, 3, 3, 2, 2, 2, 2, 2, 2, 2, 2, 2, 1, 1, 1, 1, 1, 1, 1, 1, 1, 1, 0, 0, 0, 0, 0, 0, 0, 0, 0, 0, 0]
[2024-07-18-06:24:24] Best strategy (score: 10)
[2024-07-18-06:24:24] Genetic Strategy
[2024-07-18-06:24:24] moveTable
[2024-07-18-06:24:24] [C, C, C] --> D
[2024-07-18-06:24:24] [C, C, D] --> D
[2024-07-18-06:24:24] [C, D, C] --> D
[2024-07-18-06:24:24] [C, D, D] --> D
[2024-07-18-06:24:24] [D, C, C] --> D
[2024-07-18-06:24:24] [D, C, D] --> C
[2024-07-18-06:24:24] [D, D, C] --> D
[2024-07-18-06:24:24] [D, D, D] --> D
[2024-07-18-06:24:24] Recombining and mutating selection...
[2024-07-18-06:24:24] Created new population.

[2024-07-18-06:24:24] Epoch 13 / 200
[2024-07-18-06:24:24] Selecting individuals of population...
[2024-07-18-06:24:24] Playing tournament...
[2024-07-18-06:29:03] Wins: [8, 7, 7, 10, 9, 9, 7, 6, 10, 7, 8, 7, 8, 9, 2, 6, 8, 9, 8, 6, 3, 5, 5, 4, 3, 3, 5, 1, 7, 5, 5, 4, 3, 5, 2, 5, 7, 3, 1, 2, 8, 5, 4, 4, 7, 7, 7, 2, 1, 7, 10, 4, 1, 5, 4, 3, 2, 2, 6, 3, 7, 2, 5, 2, 5, 5, 5, 3, 3, 3, 2, 6, 3, 4, 4, 4, 6, 0, 1, 2, 7, 0, 0, 0, 3, 5, 2, 1, 2, 9, 1, 4, 0, 0, 0, 0, 1, 0, 1, 0]
[2024-07-18-06:29:03] Selecting...
[2024-07-18-06:29:03] Selected 100 strategies
[2024-07-18-06:29:03] with wins: [10, 10, 10, 9, 9, 9, 9, 9, 8, 8, 8, 8, 8, 8, 7, 7, 7, 7, 7, 7, 7, 7, 7, 7, 7, 7, 7, 6, 6, 6, 6, 6, 6, 5, 5, 5, 5, 5, 5, 5, 5, 5, 5, 5, 5, 5, 5, 4, 4, 4, 4, 4, 4, 4, 4, 4, 4, 3, 3, 3, 3, 3, 3, 3, 3, 3, 3, 3, 3, 2, 2, 2, 2, 2, 2, 2, 2, 2, 2, 2, 2, 1, 1, 1, 1, 1, 1, 1, 1, 1, 0, 0, 0, 0, 0, 0, 0, 0, 0, 0]
[2024-07-18-06:29:03] Best strategy (score: 10)
[2024-07-18-06:29:03] Genetic Strategy
[2024-07-18-06:29:03] moveTable
[2024-07-18-06:29:03] [C, C, C] --> C
[2024-07-18-06:29:03] [C, C, D] --> D
[2024-07-18-06:29:03] [C, D, C] --> C
[2024-07-18-06:29:03] [C, D, D] --> D
[2024-07-18-06:29:03] [D, C, C] --> C
[2024-07-18-06:29:03] [D, C, D] --> D
[2024-07-18-06:29:03] [D, D, C] --> D
[2024-07-18-06:29:03] [D, D, D] --> D
[2024-07-18-06:29:03] Recombining and mutating selection...
[2024-07-18-06:29:03] Created new population.

[2024-07-18-06:29:03] Epoch 14 / 200
[2024-07-18-06:29:03] Selecting individuals of population...
[2024-07-18-06:29:03] Playing tournament...
[2024-07-18-06:34:04] Wins: [9, 4, 7, 10, 4, 9, 3, 6, 9, 8, 5, 6, 8, 4, 10, 7, 9, 5, 8, 6, 6, 10, 6, 7, 6, 7, 7, 8, 6, 7, 7, 4, 5, 7, 3, 3, 8, 8, 5, 7, 4, 7, 6, 7, 3, 2, 1, 4, 5, 6, 1, 4, 5, 3, 3, 4, 4, 4, 4, 8, 4, 6, 1, 7, 4, 4, 2, 8, 4, 4, 2, 2, 3, 6, 2, 1, 4, 6, 1, 1, 4, 4, 8, 0, 1, 0, 0, 2, 0, 5, 6, 3, 5, 2, 0, 2, 0, 0, 0, 0]
[2024-07-18-06:34:04] Selecting...
[2024-07-18-06:34:04] Selected 100 strategies
[2024-07-18-06:34:04] with wins: [10, 10, 10, 9, 9, 9, 9, 8, 8, 8, 8, 8, 8, 8, 8, 8, 7, 7, 7, 7, 7, 7, 7, 7, 7, 7, 7, 7, 6, 6, 6, 6, 6, 6, 6, 6, 6, 6, 6, 6, 6, 5, 5, 5, 5, 5, 5, 5, 5, 4, 4, 4, 4, 4, 4, 4, 4, 4, 4, 4, 4, 4, 4, 4, 4, 4, 4, 4, 3, 3, 3, 3, 3, 3, 3, 3, 2, 2, 2, 2, 2, 2, 2, 2, 1, 1, 1, 1, 1, 1, 1, 0, 0, 0, 0, 0, 0, 0, 0, 0]
[2024-07-18-06:34:04] Best strategy (score: 10)
[2024-07-18-06:34:04] Genetic Strategy
[2024-07-18-06:34:04] moveTable
[2024-07-18-06:34:04] [C, C, C] --> D
[2024-07-18-06:34:04] [C, C, D] --> D
[2024-07-18-06:34:04] [C, D, C] --> D
[2024-07-18-06:34:04] [C, D, D] --> D
[2024-07-18-06:34:04] [D, C, C] --> D
[2024-07-18-06:34:04] [D, C, D] --> D
[2024-07-18-06:34:04] [D, D, C] --> C
[2024-07-18-06:34:04] [D, D, D] --> D
[2024-07-18-06:34:04] Recombining and mutating selection...
[2024-07-18-06:34:04] Created new population.

[2024-07-18-06:34:04] Epoch 15 / 200
[2024-07-18-06:34:04] Selecting individuals of population...
[2024-07-18-06:34:04] Playing tournament...
[2024-07-18-06:39:25] Wins: [9, 4, 9, 6, 9, 6, 8, 7, 1, 7, 9, 7, 7, 6, 5, 5, 10, 3, 8, 6, 6, 3, 5, 7, 3, 0, 2, 8, 4, 6, 6, 5, 1, 4, 9, 9, 7, 4, 5, 1, 7, 5, 6, 4, 7, 6, 9, 5, 0, 6, 7, 6, 6, 5, 7, 3, 3, 3, 4, 3, 2, 5, 4, 5, 5, 3, 7, 6, 4, 6, 8, 1, 4, 2, 3, 2, 3, 7, 1, 3, 4, 2, 1, 1, 3, 4, 3, 1, 3, 4, 0, 0, 0, 1, 0, 1, 2, 0, 0, 0]
[2024-07-18-06:39:25] Selecting...
[2024-07-18-06:39:25] Selected 100 strategies
[2024-07-18-06:39:25] with wins: [10, 9, 9, 9, 9, 9, 9, 9, 8, 8, 8, 8, 7, 7, 7, 7, 7, 7, 7, 7, 7, 7, 7, 7, 6, 6, 6, 6, 6, 6, 6, 6, 6, 6, 6, 6, 6, 6, 5, 5, 5, 5, 5, 5, 5, 5, 5, 5, 5, 4, 4, 4, 4, 4, 4, 4, 4, 4, 4, 4, 4, 3, 3, 3, 3, 3, 3, 3, 3, 3, 3, 3, 3, 3, 3, 2, 2, 2, 2, 2, 2, 1, 1, 1, 1, 1, 1, 1, 1, 1, 1, 0, 0, 0, 0, 0, 0, 0, 0, 0]
[2024-07-18-06:39:25] Best strategy (score: 10)
[2024-07-18-06:39:25] Genetic Strategy
[2024-07-18-06:39:25] moveTable
[2024-07-18-06:39:25] [C, C, C] --> D
[2024-07-18-06:39:25] [C, C, D] --> C
[2024-07-18-06:39:25] [C, D, C] --> D
[2024-07-18-06:39:25] [C, D, D] --> D
[2024-07-18-06:39:25] [D, C, C] --> D
[2024-07-18-06:39:25] [D, C, D] --> C
[2024-07-18-06:39:25] [D, D, C] --> D
[2024-07-18-06:39:25] [D, D, D] --> C
[2024-07-18-06:39:25] Recombining and mutating selection...
[2024-07-18-06:39:25] Created new population.

[2024-07-18-06:39:25] Epoch 16 / 200
[2024-07-18-06:39:25] Selecting individuals of population...
[2024-07-18-06:39:25] Playing tournament...
[2024-07-18-06:45:08] Wins: [10, 10, 6, 2, 10, 8, 8, 6, 9, 5, 8, 8, 8, 8, 5, 9, 5, 8, 5, 4, 6, 4, 3, 6, 8, 6, 4, 4, 7, 8, 5, 3, 8, 6, 5, 4, 9, 5, 5, 8, 5, 7, 6, 3, 3, 4, 7, 8, 5, 3, 3, 9, 6, 6, 5, 4, 6, 4, 2, 3, 7, 5, 1, 1, 5, 5, 4, 5, 4, 8, 4, 3, 4, 1, 3, 2, 3, 2, 4, 3, 4, 3, 3, 3, 2, 3, 0, 5, 2, 2, 0, 0, 1, 0, 1, 0, 0, 1, 0, 0]
[2024-07-18-06:45:08] Selecting...
[2024-07-18-06:45:08] Selected 100 strategies
[2024-07-18-06:45:08] with wins: [10, 10, 10, 9, 9, 9, 9, 8, 8, 8, 8, 8, 8, 8, 8, 8, 8, 8, 8, 8, 7, 7, 7, 7, 6, 6, 6, 6, 6, 6, 6, 6, 6, 6, 5, 5, 5, 5, 5, 5, 5, 5, 5, 5, 5, 5, 5, 5, 5, 5, 4, 4, 4, 4, 4, 4, 4, 4, 4, 4, 4, 4, 4, 4, 3, 3, 3, 3, 3, 3, 3, 3, 3, 3, 3, 3, 3, 3, 3, 2, 2, 2, 2, 2, 2, 2, 1, 1, 1, 1, 1, 1, 0, 0, 0, 0, 0, 0, 0, 0]
[2024-07-18-06:45:08] Best strategy (score: 10)
[2024-07-18-06:45:08] Genetic Strategy
[2024-07-18-06:45:08] moveTable
[2024-07-18-06:45:08] [C, C, C] --> D
[2024-07-18-06:45:08] [C, C, D] --> C
[2024-07-18-06:45:08] [C, D, C] --> D
[2024-07-18-06:45:08] [C, D, D] --> D
[2024-07-18-06:45:08] [D, C, C] --> D
[2024-07-18-06:45:08] [D, C, D] --> C
[2024-07-18-06:45:08] [D, D, C] --> D
[2024-07-18-06:45:08] [D, D, D] --> D
[2024-07-18-06:45:08] Recombining and mutating selection...
[2024-07-18-06:45:08] Created new population.

[2024-07-18-06:45:08] Epoch 17 / 200
[2024-07-18-06:45:08] Selecting individuals of population...
[2024-07-18-06:45:08] Playing tournament...
[2024-07-18-06:51:13] Wins: [10, 9, 9, 4, 5, 3, 4, 5, 9, 4, 4, 8, 5, 7, 4, 7, 7, 6, 3, 8, 6, 5, 2, 3, 7, 4, 5, 9, 5, 7, 0, 6, 8, 4, 6, 8, 8, 4, 6, 7, 7, 6, 4, 3, 3, 3, 2, 5, 4, 5, 7, 3, 7, 6, 2, 2, 3, 3, 1, 6, 1, 2, 3, 3, 6, 3, 1, 1, 5, 1, 2, 2, 1, 4, 2, 2, 2, 4, 2, 2, 8, 1, 3, 4, 5, 1, 6, 7, 2, 1, 2, 1, 0, 1, 5, 0, 0, 0, 0, 0]
[2024-07-18-06:51:13] Selecting...
[2024-07-18-06:51:13] Selected 100 strategies
[2024-07-18-06:51:13] with wins: [10, 9, 9, 9, 9, 8, 8, 8, 8, 8, 8, 7, 7, 7, 7, 7, 7, 7, 7, 7, 7, 6, 6, 6, 6, 6, 6, 6, 6, 6, 6, 5, 5, 5, 5, 5, 5, 5, 5, 5, 5, 5, 4, 4, 4, 4, 4, 4, 4, 4, 4, 4, 4, 4, 4, 3, 3, 3, 3, 3, 3, 3, 3, 3, 3, 3, 3, 3, 2, 2, 2, 2, 2, 2, 2, 2, 2, 2, 2, 2, 2, 2, 1, 1, 1, 1, 1, 1, 1, 1, 1, 1, 1, 0, 0, 0, 0, 0, 0, 0]
[2024-07-18-06:51:13] Best strategy (score: 10)
[2024-07-18-06:51:13] Genetic Strategy
[2024-07-18-06:51:13] moveTable
[2024-07-18-06:51:13] [C, C, C] --> D
[2024-07-18-06:51:13] [C, C, D] --> C
[2024-07-18-06:51:13] [C, D, C] --> D
[2024-07-18-06:51:13] [C, D, D] --> D
[2024-07-18-06:51:13] [D, C, C] --> D
[2024-07-18-06:51:13] [D, C, D] --> C
[2024-07-18-06:51:13] [D, D, C] --> D
[2024-07-18-06:51:13] [D, D, D] --> D
[2024-07-18-06:51:13] Recombining and mutating selection...
[2024-07-18-06:51:13] Created new population.

[2024-07-18-06:51:13] Epoch 18 / 200
[2024-07-18-06:51:13] Selecting individuals of population...
[2024-07-18-06:51:13] Playing tournament...
[2024-07-18-06:57:48] Wins: [7, 9, 10, 5, 8, 5, 6, 7, 6, 8, 7, 9, 9, 9, 6, 7, 7, 4, 7, 8, 4, 10, 7, 9, 8, 6, 8, 8, 3, 7, 7, 5, 5, 9, 10, 6, 6, 5, 5, 5, 8, 4, 8, 0, 1, 4, 9, 2, 1, 5, 4, 2, 3, 1, 1, 10, 3, 0, 5, 7, 2, 1, 5, 3, 2, 2, 5, 0, 4, 4, 3, 5, 3, 3, 6, 2, 5, 2, 1, 3, 1, 0, 1, 0, 2, 3, 2, 6, 3, 3, 3, 0, 0, 0, 2, 0, 0, 0, 0, 0]
[2024-07-18-06:57:48] Selecting...
[2024-07-18-06:57:48] Selected 100 strategies
[2024-07-18-06:57:48] with wins: [10, 10, 10, 10, 9, 9, 9, 9, 9, 9, 9, 8, 8, 8, 8, 8, 8, 8, 8, 7, 7, 7, 7, 7, 7, 7, 7, 7, 7, 6, 6, 6, 6, 6, 6, 6, 6, 5, 5, 5, 5, 5, 5, 5, 5, 5, 5, 5, 5, 5, 4, 4, 4, 4, 4, 4, 4, 3, 3, 3, 3, 3, 3, 3, 3, 3, 3, 3, 3, 2, 2, 2, 2, 2, 2, 2, 2, 2, 2, 1, 1, 1, 1, 1, 1, 1, 1, 0, 0, 0, 0, 0, 0, 0, 0, 0, 0, 0, 0, 0]
[2024-07-18-06:57:48] Best strategy (score: 10)
[2024-07-18-06:57:48] Genetic Strategy
[2024-07-18-06:57:48] moveTable
[2024-07-18-06:57:48] [C, C, C] --> D
[2024-07-18-06:57:48] [C, C, D] --> C
[2024-07-18-06:57:48] [C, D, C] --> C
[2024-07-18-06:57:48] [C, D, D] --> C
[2024-07-18-06:57:48] [D, C, C] --> D
[2024-07-18-06:57:48] [D, C, D] --> D
[2024-07-18-06:57:48] [D, D, C] --> C
[2024-07-18-06:57:48] [D, D, D] --> D
[2024-07-18-06:57:48] Recombining and mutating selection...
[2024-07-18-06:57:48] Created new population.

[2024-07-18-06:57:48] Epoch 19 / 200
[2024-07-18-06:57:48] Selecting individuals of population...
[2024-07-18-06:57:48] Playing tournament...
[2024-07-18-07:05:18] Wins: [9, 4, 6, 10, 9, 8, 7, 9, 9, 8, 7, 6, 6, 4, 8, 9, 6, 6, 7, 8, 4, 8, 5, 8, 6, 4, 9, 1, 5, 7, 7, 7, 7, 1, 6, 5, 3, 9, 6, 3, 4, 4, 5, 6, 8, 5, 6, 4, 2, 8, 2, 2, 7, 6, 2, 7, 5, 5, 4, 5, 6, 3, 3, 5, 5, 6, 1, 5, 2, 2, 8, 2, 2, 6, 2, 5, 3, 2, 5, 2, 5, 3, 1, 4, 4, 3, 1, 1, 1, 2, 1, 1, 1, 1, 2, 0, 0, 0, 0, 0]
[2024-07-18-07:05:18] Selecting...
[2024-07-18-07:05:18] Selected 100 strategies
[2024-07-18-07:05:18] with wins: [10, 9, 9, 9, 9, 9, 9, 9, 8, 8, 8, 8, 8, 8, 8, 8, 8, 7, 7, 7, 7, 7, 7, 7, 7, 7, 6, 6, 6, 6, 6, 6, 6, 6, 6, 6, 6, 6, 6, 6, 5, 5, 5, 5, 5, 5, 5, 5, 5, 5, 5, 5, 5, 5, 4, 4, 4, 4, 4, 4, 4, 4, 4, 4, 3, 3, 3, 3, 3, 3, 3, 2, 2, 2, 2, 2, 2, 2, 2, 2, 2, 2, 2, 2, 1, 1, 1, 1, 1, 1, 1, 1, 1, 1, 1, 0, 0, 0, 0, 0]
[2024-07-18-07:05:18] Best strategy (score: 10)
[2024-07-18-07:05:18] Genetic Strategy
[2024-07-18-07:05:18] moveTable
[2024-07-18-07:05:18] [C, C, C] --> D
[2024-07-18-07:05:18] [C, C, D] --> C
[2024-07-18-07:05:18] [C, D, C] --> C
[2024-07-18-07:05:18] [C, D, D] --> D
[2024-07-18-07:05:18] [D, C, C] --> C
[2024-07-18-07:05:18] [D, C, D] --> D
[2024-07-18-07:05:18] [D, D, C] --> D
[2024-07-18-07:05:18] [D, D, D] --> D
[2024-07-18-07:05:18] Recombining and mutating selection...
[2024-07-18-07:05:18] Created new population.

[2024-07-18-07:05:18] Epoch 20 / 200
[2024-07-18-07:05:18] Selecting individuals of population...
[2024-07-18-07:05:18] Playing tournament...
[2024-07-18-07:13:05] Wins: [10, 10, 10, 6, 8, 9, 8, 5, 7, 7, 7, 7, 6, 5, 7, 5, 4, 7, 8, 8, 6, 6, 7, 3, 2, 6, 4, 2, 5, 7, 6, 6, 8, 9, 5, 6, 4, 7, 2, 2, 8, 3, 1, 7, 7, 4, 3, 4, 3, 5, 4, 3, 6, 6, 5, 5, 6, 7, 5, 6, 3, 6, 5, 0, 4, 3, 3, 4, 1, 4, 4, 7, 3, 4, 3, 2, 6, 4, 0, 2, 3, 5, 0, 2, 1, 1, 1, 2, 1, 0, 2, 0, 3, 0, 0, 0, 0, 2, 0, 0]
[2024-07-18-07:13:05] Selecting...
[2024-07-18-07:13:05] Selected 100 strategies
[2024-07-18-07:13:05] with wins: [10, 10, 10, 9, 9, 8, 8, 8, 8, 8, 8, 7, 7, 7, 7, 7, 7, 7, 7, 7, 7, 7, 7, 7, 6, 6, 6, 6, 6, 6, 6, 6, 6, 6, 6, 6, 6, 6, 5, 5, 5, 5, 5, 5, 5, 5, 5, 5, 5, 4, 4, 4, 4, 4, 4, 4, 4, 4, 4, 4, 4, 3, 3, 3, 3, 3, 3, 3, 3, 3, 3, 3, 3, 2, 2, 2, 2, 2, 2, 2, 2, 2, 2, 1, 1, 1, 1, 1, 1, 0, 0, 0, 0, 0, 0, 0, 0, 0, 0, 0]
[2024-07-18-07:13:05] Best strategy (score: 10)
[2024-07-18-07:13:05] Genetic Strategy
[2024-07-18-07:13:05] moveTable
[2024-07-18-07:13:05] [C, C, C] --> D
[2024-07-18-07:13:05] [C, C, D] --> C
[2024-07-18-07:13:05] [C, D, C] --> C
[2024-07-18-07:13:05] [C, D, D] --> D
[2024-07-18-07:13:05] [D, C, C] --> C
[2024-07-18-07:13:05] [D, C, D] --> D
[2024-07-18-07:13:05] [D, D, C] --> D
[2024-07-18-07:13:05] [D, D, D] --> D
[2024-07-18-07:13:05] Recombining and mutating selection...
[2024-07-18-07:13:05] Created new population.

[2024-07-18-07:13:05] Epoch 21 / 200
[2024-07-18-07:13:05] Selecting individuals of population...
[2024-07-18-07:13:05] Playing tournament...
[2024-07-18-07:21:26] Wins: [10, 10, 9, 9, 6, 9, 8, 8, 6, 5, 8, 8, 8, 10, 6, 6, 8, 5, 7, 5, 8, 5, 5, 6, 5, 7, 3, 2, 8, 8, 6, 4, 5, 9, 4, 5, 6, 8, 7, 2, 6, 2, 7, 5, 5, 4, 4, 4, 6, 2, 6, 3, 8, 9, 4, 4, 2, 8, 2, 5, 4, 6, 9, 2, 4, 4, 4, 5, 4, 8, 6, 3, 3, 0, 3, 7, 4, 2, 0, 3, 1, 0, 0, 0, 1, 1, 2, 3, 2, 5, 1, 1, 0, 2, 0, 1, 0, 0, 0, 1]
[2024-07-18-07:21:26] Selecting...
[2024-07-18-07:21:26] Selected 100 strategies
[2024-07-18-07:21:26] with wins: [10, 10, 10, 9, 9, 9, 9, 9, 9, 8, 8, 8, 8, 8, 8, 8, 8, 8, 8, 8, 8, 8, 7, 7, 7, 7, 7, 6, 6, 6, 6, 6, 6, 6, 6, 6, 6, 6, 6, 5, 5, 5, 5, 5, 5, 5, 5, 5, 5, 5, 5, 5, 4, 4, 4, 4, 4, 4, 4, 4, 4, 4, 4, 4, 4, 3, 3, 3, 3, 3, 3, 3, 2, 2, 2, 2, 2, 2, 2, 2, 2, 2, 2, 1, 1, 1, 1, 1, 1, 1, 0, 0, 0, 0, 0, 0, 0, 0, 0, 0]
[2024-07-18-07:21:26] Best strategy (score: 10)
[2024-07-18-07:21:26] Genetic Strategy
[2024-07-18-07:21:26] moveTable
[2024-07-18-07:21:26] [C, C, C] --> D
[2024-07-18-07:21:26] [C, C, D] --> C
[2024-07-18-07:21:26] [C, D, C] --> C
[2024-07-18-07:21:26] [C, D, D] --> D
[2024-07-18-07:21:26] [D, C, C] --> C
[2024-07-18-07:21:26] [D, C, D] --> D
[2024-07-18-07:21:26] [D, D, C] --> D
[2024-07-18-07:21:26] [D, D, D] --> D
[2024-07-18-07:21:26] Recombining and mutating selection...
[2024-07-18-07:21:26] Created new population.

[2024-07-18-07:21:26] Epoch 22 / 200
[2024-07-18-07:21:26] Selecting individuals of population...
[2024-07-18-07:21:26] Playing tournament...
[2024-07-18-07:30:23] Wins: [10, 9, 6, 10, 7, 7, 9, 9, 3, 6, 5, 7, 7, 4, 6, 3, 7, 8, 7, 7, 8, 4, 4, 8, 5, 2, 6, 1, 5, 7, 6, 5, 7, 5, 10, 4, 3, 4, 8, 5, 4, 5, 2, 8, 8, 6, 5, 3, 5, 5, 2, 0, 6, 2, 5, 5, 3, 1, 6, 3, 1, 2, 4, 6, 3, 4, 3, 1, 1, 1, 1, 3, 8, 2, 1, 1, 5, 0, 3, 1, 3, 7, 0, 4, 1, 2, 5, 1, 0, 1, 1, 2, 3, 0, 0, 2, 0, 0, 1, 0]
[2024-07-18-07:30:23] Selecting...
[2024-07-18-07:30:23] Selected 100 strategies
[2024-07-18-07:30:23] with wins: [10, 10, 10, 9, 9, 9, 8, 8, 8, 8, 8, 8, 8, 7, 7, 7, 7, 7, 7, 7, 7, 7, 7, 6, 6, 6, 6, 6, 6, 6, 6, 6, 5, 5, 5, 5, 5, 5, 5, 5, 5, 5, 5, 5, 5, 5, 4, 4, 4, 4, 4, 4, 4, 4, 4, 3, 3, 3, 3, 3, 3, 3, 3, 3, 3, 3, 3, 2, 2, 2, 2, 2, 2, 2, 2, 2, 1, 1, 1, 1, 1, 1, 1, 1, 1, 1, 1, 1, 1, 1, 1, 0, 0, 0, 0, 0, 0, 0, 0, 0]
[2024-07-18-07:30:23] Best strategy (score: 10)
[2024-07-18-07:30:23] Genetic Strategy
[2024-07-18-07:30:23] moveTable
[2024-07-18-07:30:23] [C, C, C] --> D
[2024-07-18-07:30:23] [C, C, D] --> C
[2024-07-18-07:30:23] [C, D, C] --> C
[2024-07-18-07:30:23] [C, D, D] --> D
[2024-07-18-07:30:23] [D, C, C] --> C
[2024-07-18-07:30:23] [D, C, D] --> D
[2024-07-18-07:30:23] [D, D, C] --> D
[2024-07-18-07:30:23] [D, D, D] --> D
[2024-07-18-07:30:23] Recombining and mutating selection...
[2024-07-18-07:30:23] Created new population.

[2024-07-18-07:30:23] Epoch 23 / 200
[2024-07-18-07:30:23] Selecting individuals of population...
[2024-07-18-07:30:23] Playing tournament...
[2024-07-18-07:39:11] Wins: [10, 9, 10, 9, 9, 10, 4, 4, 7, 7, 4, 4, 5, 10, 5, 10, 4, 4, 8, 7, 6, 3, 7, 9, 7, 5, 3, 9, 5, 5, 6, 1, 5, 7, 9, 6, 4, 8, 5, 4, 5, 4, 6, 7, 1, 1, 4, 6, 7, 7, 3, 3, 5, 8, 2, 3, 4, 4, 6, 4, 3, 4, 1, 7, 0, 3, 2, 2, 1, 5, 2, 0, 3, 4, 5, 5, 6, 0, 6, 4, 6, 3, 6, 4, 9, 3, 1, 0, 0, 1, 1, 1, 7, 1, 1, 2, 0, 0, 0, 0]
[2024-07-18-07:39:11] Selecting...
[2024-07-18-07:39:11] Selected 100 strategies
[2024-07-18-07:39:11] with wins: [10, 10, 10, 10, 10, 9, 9, 9, 9, 9, 9, 9, 8, 8, 8, 7, 7, 7, 7, 7, 7, 7, 7, 7, 7, 7, 6, 6, 6, 6, 6, 6, 6, 6, 6, 6, 5, 5, 5, 5, 5, 5, 5, 5, 5, 5, 5, 5, 4, 4, 4, 4, 4, 4, 4, 4, 4, 4, 4, 4, 4, 4, 4, 4, 4, 3, 3, 3, 3, 3, 3, 3, 3, 3, 3, 2, 2, 2, 2, 2, 1, 1, 1, 1, 1, 1, 1, 1, 1, 1, 1, 0, 0, 0, 0, 0, 0, 0, 0, 0]
[2024-07-18-07:39:11] Best strategy (score: 10)
[2024-07-18-07:39:11] Genetic Strategy
[2024-07-18-07:39:11] moveTable
[2024-07-18-07:39:11] [C, C, C] --> D
[2024-07-18-07:39:11] [C, C, D] --> D
[2024-07-18-07:39:11] [C, D, C] --> C
[2024-07-18-07:39:11] [C, D, D] --> D
[2024-07-18-07:39:11] [D, C, C] --> C
[2024-07-18-07:39:11] [D, C, D] --> D
[2024-07-18-07:39:11] [D, D, C] --> D
[2024-07-18-07:39:11] [D, D, D] --> D
[2024-07-18-07:39:11] Recombining and mutating selection...
[2024-07-18-07:39:11] Created new population.

[2024-07-18-07:39:11] Epoch 24 / 200
[2024-07-18-07:39:11] Selecting individuals of population...
[2024-07-18-07:39:11] Playing tournament...
[2024-07-18-07:48:16] Wins: [10, 10, 9, 5, 5, 10, 9, 9, 5, 7, 8, 4, 6, 8, 9, 10, 5, 3, 5, 8, 8, 6, 5, 9, 3, 1, 10, 5, 8, 4, 5, 5, 6, 4, 6, 9, 8, 6, 4, 8, 3, 5, 7, 5, 1, 4, 2, 3, 5, 4, 5, 6, 9, 7, 5, 3, 1, 4, 6, 3, 5, 0, 8, 4, 5, 6, 4, 3, 2, 4, 4, 1, 4, 1, 2, 1, 4, 8, 4, 0, 2, 1, 4, 2, 5, 5, 4, 0, 1, 0, 0, 0, 3, 5, 1, 0, 0, 2, 0, 1]
[2024-07-18-07:48:16] Selecting...
[2024-07-18-07:48:16] Selected 100 strategies
[2024-07-18-07:48:16] with wins: [10, 10, 10, 10, 10, 9, 9, 9, 9, 9, 9, 9, 8, 8, 8, 8, 8, 8, 8, 8, 8, 7, 7, 7, 6, 6, 6, 6, 6, 6, 6, 6, 5, 5, 5, 5, 5, 5, 5, 5, 5, 5, 5, 5, 5, 5, 5, 5, 5, 5, 5, 4, 4, 4, 4, 4, 4, 4, 4, 4, 4, 4, 4, 4, 4, 4, 4, 3, 3, 3, 3, 3, 3, 3, 3, 2, 2, 2, 2, 2, 2, 1, 1, 1, 1, 1, 1, 1, 1, 1, 1, 0, 0, 0, 0, 0, 0, 0, 0, 0]
[2024-07-18-07:48:16] Best strategy (score: 10)
[2024-07-18-07:48:16] Genetic Strategy
[2024-07-18-07:48:16] moveTable
[2024-07-18-07:48:16] [C, C, C] --> D
[2024-07-18-07:48:16] [C, C, D] --> D
[2024-07-18-07:48:16] [C, D, C] --> C
[2024-07-18-07:48:16] [C, D, D] --> C
[2024-07-18-07:48:16] [D, C, C] --> C
[2024-07-18-07:48:16] [D, C, D] --> D
[2024-07-18-07:48:16] [D, D, C] --> D
[2024-07-18-07:48:16] [D, D, D] --> D
[2024-07-18-07:48:16] Recombining and mutating selection...
[2024-07-18-07:48:16] Created new population.

[2024-07-18-07:48:16] Epoch 25 / 200
[2024-07-18-07:48:16] Selecting individuals of population...
[2024-07-18-07:48:16] Playing tournament...
[2024-07-18-07:57:40] Wins: [8, 9, 9, 10, 10, 8, 8, 5, 8, 3, 5, 5, 7, 6, 8, 8, 3, 6, 9, 3, 7, 5, 5, 7, 4, 7, 4, 2, 9, 8, 8, 6, 6, 8, 6, 9, 5, 6, 7, 8, 3, 4, 4, 6, 0, 4, 7, 8, 5, 8, 0, 5, 5, 3, 2, 4, 7, 6, 5, 4, 5, 4, 3, 4, 7, 0, 3, 7, 3, 5, 4, 3, 2, 5, 6, 1, 2, 0, 1, 1, 0, 2, 3, 5, 6, 1, 1, 3, 0, 0, 0, 3, 0, 0, 0, 2, 4, 0, 0, 0]
[2024-07-18-07:57:40] Selecting...
[2024-07-18-07:57:40] Selected 100 strategies
[2024-07-18-07:57:40] with wins: [10, 10, 9, 9, 9, 9, 9, 8, 8, 8, 8, 8, 8, 8, 8, 8, 8, 8, 8, 7, 7, 7, 7, 7, 7, 7, 7, 7, 6, 6, 6, 6, 6, 6, 6, 6, 6, 6, 5, 5, 5, 5, 5, 5, 5, 5, 5, 5, 5, 5, 5, 5, 4, 4, 4, 4, 4, 4, 4, 4, 4, 4, 4, 3, 3, 3, 3, 3, 3, 3, 3, 3, 3, 3, 3, 2, 2, 2, 2, 2, 2, 1, 1, 1, 1, 1, 0, 0, 0, 0, 0, 0, 0, 0, 0, 0, 0, 0, 0, 0]
[2024-07-18-07:57:40] Best strategy (score: 10)
[2024-07-18-07:57:40] Genetic Strategy
[2024-07-18-07:57:40] moveTable
[2024-07-18-07:57:40] [C, C, C] --> D
[2024-07-18-07:57:40] [C, C, D] --> D
[2024-07-18-07:57:40] [C, D, C] --> D
[2024-07-18-07:57:40] [C, D, D] --> D
[2024-07-18-07:57:40] [D, C, C] --> C
[2024-07-18-07:57:40] [D, C, D] --> D
[2024-07-18-07:57:40] [D, D, C] --> D
[2024-07-18-07:57:40] [D, D, D] --> D
[2024-07-18-07:57:40] Recombining and mutating selection...
[2024-07-18-07:57:40] Created new population.

[2024-07-18-07:57:40] Epoch 26 / 200
[2024-07-18-07:57:40] Selecting individuals of population...
[2024-07-18-07:57:40] Playing tournament...
[2024-07-18-08:07:23] Wins: [6, 9, 7, 7, 8, 2, 8, 7, 9, 5, 7, 3, 9, 9, 3, 8, 9, 8, 8, 5, 3, 8, 3, 5, 8, 5, 5, 2, 6, 5, 3, 6, 6, 4, 4, 10, 7, 3, 7, 6, 6, 5, 5, 5, 4, 4, 7, 1, 4, 6, 6, 4, 4, 5, 4, 8, 5, 5, 1, 7, 5, 1, 4, 4, 7, 5, 1, 1, 1, 0, 5, 1, 4, 4, 3, 4, 1, 2, 3, 3, 0, 1, 6, 0, 0, 1, 7, 0, 0, 2, 0, 2, 1, 0, 1, 1, 0, 6, 2, 0]
[2024-07-18-08:07:23] Selecting...
[2024-07-18-08:07:23] Selected 100 strategies
[2024-07-18-08:07:23] with wins: [10, 9, 9, 9, 9, 9, 8, 8, 8, 8, 8, 8, 8, 8, 7, 7, 7, 7, 7, 7, 7, 7, 7, 7, 6, 6, 6, 6, 6, 6, 6, 6, 6, 6, 5, 5, 5, 5, 5, 5, 5, 5, 5, 5, 5, 5, 5, 5, 5, 4, 4, 4, 4, 4, 4, 4, 4, 4, 4, 4, 4, 4, 3, 3, 3, 3, 3, 3, 3, 3, 3, 2, 2, 2, 2, 2, 2, 1, 1, 1, 1, 1, 1, 1, 1, 1, 1, 1, 1, 1, 0, 0, 0, 0, 0, 0, 0, 0, 0, 0]
[2024-07-18-08:07:23] Best strategy (score: 10)
[2024-07-18-08:07:23] Genetic Strategy
[2024-07-18-08:07:23] moveTable
[2024-07-18-08:07:23] [C, C, C] --> D
[2024-07-18-08:07:23] [C, C, D] --> C
[2024-07-18-08:07:23] [C, D, C] --> C
[2024-07-18-08:07:23] [C, D, D] --> C
[2024-07-18-08:07:23] [D, C, C] --> D
[2024-07-18-08:07:23] [D, C, D] --> D
[2024-07-18-08:07:23] [D, D, C] --> D
[2024-07-18-08:07:23] [D, D, D] --> D
[2024-07-18-08:07:23] Recombining and mutating selection...
[2024-07-18-08:07:23] Created new population.

[2024-07-18-08:07:23] Epoch 27 / 200
[2024-07-18-08:07:23] Selecting individuals of population...
[2024-07-18-08:07:23] Playing tournament...
[2024-07-18-08:17:30] Wins: [7, 8, 10, 8, 5, 8, 9, 7, 7, 3, 4, 6, 9, 7, 4, 3, 5, 5, 7, 4, 7, 9, 6, 7, 8, 6, 3, 5, 7, 6, 3, 5, 3, 3, 5, 8, 5, 5, 6, 2, 2, 2, 4, 3, 9, 3, 3, 7, 6, 9, 5, 6, 8, 2, 0, 2, 6, 7, 2, 4, 1, 1, 4, 2, 7, 2, 4, 6, 1, 4, 1, 2, 5, 2, 1, 4, 3, 1, 1, 0, 2, 7, 1, 1, 2, 4, 0, 1, 1, 0, 1, 1, 0, 0, 1, 5, 0, 0, 2, 0]
[2024-07-18-08:17:30] Selecting...
[2024-07-18-08:17:30] Selected 100 strategies
[2024-07-18-08:17:30] with wins: [10, 9, 9, 9, 9, 9, 8, 8, 8, 8, 8, 8, 7, 7, 7, 7, 7, 7, 7, 7, 7, 7, 7, 7, 6, 6, 6, 6, 6, 6, 6, 6, 6, 5, 5, 5, 5, 5, 5, 5, 5, 5, 5, 5, 4, 4, 4, 4, 4, 4, 4, 4, 4, 4, 3, 3, 3, 3, 3, 3, 3, 3, 3, 3, 2, 2, 2, 2, 2, 2, 2, 2, 2, 2, 2, 2, 2, 1, 1, 1, 1, 1, 1, 1, 1, 1, 1, 1, 1, 1, 1, 0, 0, 0, 0, 0, 0, 0, 0, 0]
[2024-07-18-08:17:30] Best strategy (score: 10)
[2024-07-18-08:17:30] Genetic Strategy
[2024-07-18-08:17:30] moveTable
[2024-07-18-08:17:30] [C, C, C] --> D
[2024-07-18-08:17:30] [C, C, D] --> D
[2024-07-18-08:17:30] [C, D, C] --> D
[2024-07-18-08:17:30] [C, D, D] --> D
[2024-07-18-08:17:30] [D, C, C] --> D
[2024-07-18-08:17:30] [D, C, D] --> C
[2024-07-18-08:17:30] [D, D, C] --> D
[2024-07-18-08:17:30] [D, D, D] --> D
[2024-07-18-08:17:30] Recombining and mutating selection...
[2024-07-18-08:17:30] Created new population.

[2024-07-18-08:17:30] Epoch 28 / 200
[2024-07-18-08:17:30] Selecting individuals of population...
[2024-07-18-08:17:30] Playing tournament...
[2024-07-18-08:28:05] Wins: [10, 7, 7, 5, 4, 8, 6, 7, 6, 6, 6, 9, 8, 6, 9, 10, 3, 3, 1, 5, 5, 7, 6, 7, 5, 8, 8, 10, 9, 5, 5, 8, 4, 7, 5, 7, 6, 2, 6, 7, 7, 7, 4, 3, 8, 7, 5, 0, 7, 4, 9, 8, 6, 6, 2, 7, 7, 5, 5, 4, 7, 3, 5, 3, 8, 3, 3, 4, 1, 2, 2, 8, 5, 0, 5, 3, 1, 3, 1, 2, 2, 1, 4, 8, 4, 3, 0, 5, 0, 2, 3, 0, 1, 0, 0, 0, 0, 0, 0, 0]
[2024-07-18-08:28:05] Selecting...
[2024-07-18-08:28:05] Selected 100 strategies
[2024-07-18-08:28:05] with wins: [10, 10, 10, 9, 9, 9, 9, 8, 8, 8, 8, 8, 8, 8, 8, 8, 8, 7, 7, 7, 7, 7, 7, 7, 7, 7, 7, 7, 7, 7, 7, 7, 6, 6, 6, 6, 6, 6, 6, 6, 6, 6, 5, 5, 5, 5, 5, 5, 5, 5, 5, 5, 5, 5, 5, 5, 4, 4, 4, 4, 4, 4, 4, 4, 3, 3, 3, 3, 3, 3, 3, 3, 3, 3, 3, 2, 2, 2, 2, 2, 2, 2, 1, 1, 1, 1, 1, 1, 0, 0, 0, 0, 0, 0, 0, 0, 0, 0, 0, 0]
[2024-07-18-08:28:05] Best strategy (score: 10)
[2024-07-18-08:28:05] Genetic Strategy
[2024-07-18-08:28:05] moveTable
[2024-07-18-08:28:05] [C, C, C] --> D
[2024-07-18-08:28:05] [C, C, D] --> D
[2024-07-18-08:28:05] [C, D, C] --> D
[2024-07-18-08:28:05] [C, D, D] --> D
[2024-07-18-08:28:05] [D, C, C] --> D
[2024-07-18-08:28:05] [D, C, D] --> C
[2024-07-18-08:28:05] [D, D, C] --> D
[2024-07-18-08:28:05] [D, D, D] --> D
[2024-07-18-08:28:05] Recombining and mutating selection...
[2024-07-18-08:28:05] Created new population.

[2024-07-18-08:28:05] Epoch 29 / 200
[2024-07-18-08:28:05] Selecting individuals of population...
[2024-07-18-08:28:05] Playing tournament...
[2024-07-18-08:39:09] Wins: [10, 9, 3, 5, 5, 4, 10, 6, 9, 9, 4, 10, 8, 9, 4, 5, 6, 3, 7, 9, 1, 9, 7, 3, 5, 9, 2, 4, 2, 7, 2, 4, 4, 6, 4, 1, 5, 7, 8, 3, 6, 1, 5, 7, 7, 8, 6, 5, 5, 7, 5, 2, 5, 5, 4, 5, 8, 6, 1, 6, 4, 5, 4, 2, 2, 7, 3, 4, 3, 6, 3, 3, 5, 0, 0, 3, 3, 1, 7, 4, 6, 1, 1, 4, 3, 2, 2, 0, 8, 2, 2, 0, 0, 1, 1, 0, 2, 0, 1, 1]
[2024-07-18-08:39:09] Selecting...
[2024-07-18-08:39:09] Selected 100 strategies
[2024-07-18-08:39:09] with wins: [10, 10, 10, 9, 9, 9, 9, 9, 9, 9, 8, 8, 8, 8, 8, 7, 7, 7, 7, 7, 7, 7, 7, 7, 6, 6, 6, 6, 6, 6, 6, 6, 6, 5, 5, 5, 5, 5, 5, 5, 5, 5, 5, 5, 5, 5, 5, 4, 4, 4, 4, 4, 4, 4, 4, 4, 4, 4, 4, 4, 3, 3, 3, 3, 3, 3, 3, 3, 3, 3, 3, 2, 2, 2, 2, 2, 2, 2, 2, 2, 2, 2, 1, 1, 1, 1, 1, 1, 1, 1, 1, 1, 1, 0, 0, 0, 0, 0, 0, 0]
[2024-07-18-08:39:09] Best strategy (score: 10)
[2024-07-18-08:39:09] Genetic Strategy
[2024-07-18-08:39:09] moveTable
[2024-07-18-08:39:09] [C, C, C] --> D
[2024-07-18-08:39:09] [C, C, D] --> D
[2024-07-18-08:39:09] [C, D, C] --> D
[2024-07-18-08:39:09] [C, D, D] --> D
[2024-07-18-08:39:09] [D, C, C] --> D
[2024-07-18-08:39:09] [D, C, D] --> C
[2024-07-18-08:39:09] [D, D, C] --> D
[2024-07-18-08:39:09] [D, D, D] --> D
[2024-07-18-08:39:09] Recombining and mutating selection...
[2024-07-18-08:39:09] Created new population.

[2024-07-18-08:39:09] Epoch 30 / 200
[2024-07-18-08:39:09] Selecting individuals of population...
[2024-07-18-08:39:09] Playing tournament...
[2024-07-18-08:50:28] Wins: [9, 10, 8, 9, 9, 6, 4, 10, 8, 4, 8, 7, 3, 8, 5, 5, 9, 6, 5, 8, 6, 4, 3, 1, 5, 4, 4, 2, 6, 4, 6, 2, 3, 8, 8, 3, 4, 3, 7, 3, 5, 3, 6, 5, 5, 2, 3, 10, 3, 1, 6, 9, 3, 0, 5, 5, 1, 2, 6, 5, 7, 1, 4, 5, 5, 3, 6, 2, 5, 3, 5, 4, 5, 7, 4, 8, 0, 6, 2, 2, 3, 0, 6, 4, 5, 5, 0, 1, 4, 5, 5, 0, 0, 0, 1, 0, 0, 0, 0, 4]
[2024-07-18-08:50:28] Selecting...
[2024-07-18-08:50:28] Selected 100 strategies
[2024-07-18-08:50:28] with wins: [10, 10, 10, 9, 9, 9, 9, 9, 8, 8, 8, 8, 8, 8, 8, 8, 7, 7, 7, 7, 6, 6, 6, 6, 6, 6, 6, 6, 6, 6, 6, 5, 5, 5, 5, 5, 5, 5, 5, 5, 5, 5, 5, 5, 5, 5, 5, 5, 5, 5, 4, 4, 4, 4, 4, 4, 4, 4, 4, 4, 4, 4, 4, 3, 3, 3, 3, 3, 3, 3, 3, 3, 3, 3, 3, 3, 2, 2, 2, 2, 2, 2, 2, 1, 1, 1, 1, 1, 1, 0, 0, 0, 0, 0, 0, 0, 0, 0, 0, 0]
[2024-07-18-08:50:28] Best strategy (score: 10)
[2024-07-18-08:50:28] Genetic Strategy
[2024-07-18-08:50:28] moveTable
[2024-07-18-08:50:28] [C, C, C] --> C
[2024-07-18-08:50:28] [C, C, D] --> D
[2024-07-18-08:50:28] [C, D, C] --> D
[2024-07-18-08:50:28] [C, D, D] --> C
[2024-07-18-08:50:28] [D, C, C] --> D
[2024-07-18-08:50:28] [D, C, D] --> D
[2024-07-18-08:50:28] [D, D, C] --> D
[2024-07-18-08:50:28] [D, D, D] --> D
[2024-07-18-08:50:28] Recombining and mutating selection...
[2024-07-18-08:50:28] Created new population.

[2024-07-18-08:50:28] Epoch 31 / 200
[2024-07-18-08:50:28] Selecting individuals of population...
[2024-07-18-08:50:28] Playing tournament...
[2024-07-18-09:02:18] Wins: [9, 8, 7, 9, 7, 8, 9, 6, 7, 8, 8, 7, 5, 5, 5, 4, 5, 8, 7, 4, 6, 4, 6, 5, 6, 1, 7, 3, 6, 9, 6, 0, 6, 7, 5, 2, 7, 5, 5, 5, 4, 3, 3, 5, 1, 8, 5, 7, 2, 3, 6, 6, 7, 3, 2, 5, 8, 3, 3, 4, 3, 6, 2, 5, 3, 2, 3, 4, 3, 5, 3, 5, 5, 3, 0, 1, 4, 4, 4, 4, 6, 2, 0, 4, 2, 3, 3, 1, 0, 6, 3, 5, 0, 4, 2, 2, 0, 1, 0, 1]
[2024-07-18-09:02:18] Selecting...
[2024-07-18-09:02:18] Selected 100 strategies
[2024-07-18-09:02:18] with wins: [9, 9, 9, 9, 8, 8, 8, 8, 8, 8, 8, 7, 7, 7, 7, 7, 7, 7, 7, 7, 7, 6, 6, 6, 6, 6, 6, 6, 6, 6, 6, 6, 6, 5, 5, 5, 5, 5, 5, 5, 5, 5, 5, 5, 5, 5, 5, 5, 5, 5, 4, 4, 4, 4, 4, 4, 4, 4, 4, 4, 4, 4, 3, 3, 3, 3, 3, 3, 3, 3, 3, 3, 3, 3, 3, 3, 3, 3, 2, 2, 2, 2, 2, 2, 2, 2, 2, 1, 1, 1, 1, 1, 1, 0, 0, 0, 0, 0, 0, 0]
[2024-07-18-09:02:18] Best strategy (score: 9)
[2024-07-18-09:02:18] Genetic Strategy
[2024-07-18-09:02:18] moveTable
[2024-07-18-09:02:18] [C, C, C] --> C
[2024-07-18-09:02:18] [C, C, D] --> D
[2024-07-18-09:02:18] [C, D, C] --> D
[2024-07-18-09:02:18] [C, D, D] --> C
[2024-07-18-09:02:18] [D, C, C] --> D
[2024-07-18-09:02:18] [D, C, D] --> D
[2024-07-18-09:02:18] [D, D, C] --> D
[2024-07-18-09:02:18] [D, D, D] --> D
[2024-07-18-09:02:18] Recombining and mutating selection...
[2024-07-18-09:02:18] Created new population.

[2024-07-18-09:02:18] Epoch 32 / 200
[2024-07-18-09:02:18] Selecting individuals of population...
[2024-07-18-09:02:18] Playing tournament...
[2024-07-18-09:14:52] Wins: [9, 8, 8, 5, 5, 9, 6, 8, 8, 5, 9, 8, 7, 10, 7, 7, 8, 5, 7, 8, 6, 7, 6, 6, 3, 7, 6, 4, 5, 3, 6, 3, 5, 6, 5, 8, 6, 3, 2, 7, 4, 2, 7, 3, 2, 3, 6, 4, 3, 6, 5, 8, 2, 1, 4, 4, 2, 6, 7, 6, 4, 4, 0, 5, 4, 2, 7, 5, 9, 5, 7, 5, 0, 3, 0, 1, 2, 1, 7, 2, 4, 0, 3, 3, 4, 1, 5, 6, 2, 0, 1, 2, 0, 0, 0, 1, 2, 2, 0, 0]
[2024-07-18-09:14:52] Selecting...
[2024-07-18-09:14:52] Selected 100 strategies
[2024-07-18-09:14:52] with wins: [10, 9, 9, 9, 9, 8, 8, 8, 8, 8, 8, 8, 8, 8, 7, 7, 7, 7, 7, 7, 7, 7, 7, 7, 7, 7, 6, 6, 6, 6, 6, 6, 6, 6, 6, 6, 6, 6, 6, 5, 5, 5, 5, 5, 5, 5, 5, 5, 5, 5, 5, 5, 4, 4, 4, 4, 4, 4, 4, 4, 4, 4, 3, 3, 3, 3, 3, 3, 3, 3, 3, 3, 2, 2, 2, 2, 2, 2, 2, 2, 2, 2, 2, 2, 1, 1, 1, 1, 1, 1, 0, 0, 0, 0, 0, 0, 0, 0, 0, 0]
[2024-07-18-09:14:52] Best strategy (score: 10)
[2024-07-18-09:14:52] Genetic Strategy
[2024-07-18-09:14:52] moveTable
[2024-07-18-09:14:52] [C, C, C] --> D
[2024-07-18-09:14:52] [C, C, D] --> D
[2024-07-18-09:14:52] [C, D, C] --> D
[2024-07-18-09:14:52] [C, D, D] --> D
[2024-07-18-09:14:52] [D, C, C] --> D
[2024-07-18-09:14:52] [D, C, D] --> C
[2024-07-18-09:14:52] [D, D, C] --> C
[2024-07-18-09:14:52] [D, D, D] --> D
[2024-07-18-09:14:52] Recombining and mutating selection...
[2024-07-18-09:14:52] Created new population.

[2024-07-18-09:14:52] Epoch 33 / 200
[2024-07-18-09:14:52] Selecting individuals of population...
[2024-07-18-09:14:52] Playing tournament...
[2024-07-18-09:27:30] Wins: [6, 10, 10, 8, 6, 9, 3, 5, 7, 7, 8, 6, 2, 8, 5, 5, 6, 7, 5, 4, 4, 6, 6, 5, 8, 5, 7, 8, 5, 6, 1, 4, 7, 4, 7, 4, 4, 5, 4, 6, 9, 8, 3, 7, 6, 3, 7, 5, 1, 8, 2, 6, 6, 7, 5, 3, 4, 6, 1, 7, 7, 1, 6, 8, 7, 3, 2, 1, 3, 3, 2, 3, 3, 1, 3, 3, 1, 3, 5, 2, 4, 1, 2, 1, 1, 5, 7, 1, 0, 5, 2, 0, 3, 2, 0, 0, 1, 1, 0, 2]
[2024-07-18-09:27:30] Selecting...
[2024-07-18-09:27:30] Selected 100 strategies
[2024-07-18-09:27:30] with wins: [10, 10, 9, 9, 8, 8, 8, 8, 8, 8, 8, 8, 7, 7, 7, 7, 7, 7, 7, 7, 7, 7, 7, 7, 7, 6, 6, 6, 6, 6, 6, 6, 6, 6, 6, 6, 6, 6, 5, 5, 5, 5, 5, 5, 5, 5, 5, 5, 5, 5, 5, 4, 4, 4, 4, 4, 4, 4, 4, 4, 3, 3, 3, 3, 3, 3, 3, 3, 3, 3, 3, 3, 3, 2, 2, 2, 2, 2, 2, 2, 2, 2, 1, 1, 1, 1, 1, 1, 1, 1, 1, 1, 1, 1, 1, 0, 0, 0, 0, 0]
[2024-07-18-09:27:30] Best strategy (score: 10)
[2024-07-18-09:27:30] Genetic Strategy
[2024-07-18-09:27:30] moveTable
[2024-07-18-09:27:30] [C, C, C] --> C
[2024-07-18-09:27:30] [C, C, D] --> D
[2024-07-18-09:27:30] [C, D, C] --> C
[2024-07-18-09:27:30] [C, D, D] --> C
[2024-07-18-09:27:30] [D, C, C] --> D
[2024-07-18-09:27:30] [D, C, D] --> D
[2024-07-18-09:27:30] [D, D, C] --> D
[2024-07-18-09:27:30] [D, D, D] --> D
[2024-07-18-09:27:30] Recombining and mutating selection...
[2024-07-18-09:27:30] Created new population.

[2024-07-18-09:27:30] Epoch 34 / 200
[2024-07-18-09:27:30] Selecting individuals of population...
[2024-07-18-09:27:30] Playing tournament...
[2024-07-18-09:40:17] Wins: [10, 10, 9, 3, 6, 8, 6, 5, 5, 6, 9, 3, 6, 9, 4, 7, 9, 6, 5, 5, 4, 4, 3, 4, 8, 7, 7, 9, 9, 7, 7, 4, 8, 6, 7, 5, 7, 6, 10, 6, 5, 8, 7, 3, 5, 5, 6, 4, 6, 3, 6, 4, 8, 4, 1, 4, 2, 7, 6, 5, 5, 2, 2, 6, 4, 4, 6, 7, 3, 5, 2, 4, 3, 5, 1, 6, 1, 1, 2, 1, 1, 3, 7, 0, 1, 1, 7, 3, 0, 2, 1, 2, 4, 1, 0, 0, 0, 0, 2, 2]
[2024-07-18-09:40:17] Selecting...
[2024-07-18-09:40:17] Selected 100 strategies
[2024-07-18-09:40:17] with wins: [10, 10, 10, 9, 9, 9, 9, 9, 9, 8, 8, 8, 8, 8, 7, 7, 7, 7, 7, 7, 7, 7, 7, 7, 7, 7, 6, 6, 6, 6, 6, 6, 6, 6, 6, 6, 6, 6, 6, 6, 6, 5, 5, 5, 5, 5, 5, 5, 5, 5, 5, 5, 5, 4, 4, 4, 4, 4, 4, 4, 4, 4, 4, 4, 4, 4, 3, 3, 3, 3, 3, 3, 3, 3, 3, 2, 2, 2, 2, 2, 2, 2, 2, 2, 1, 1, 1, 1, 1, 1, 1, 1, 1, 1, 0, 0, 0, 0, 0, 0]
[2024-07-18-09:40:17] Best strategy (score: 10)
[2024-07-18-09:40:17] Genetic Strategy
[2024-07-18-09:40:17] moveTable
[2024-07-18-09:40:17] [C, C, C] --> C
[2024-07-18-09:40:17] [C, C, D] --> D
[2024-07-18-09:40:17] [C, D, C] --> C
[2024-07-18-09:40:17] [C, D, D] --> D
[2024-07-18-09:40:17] [D, C, C] --> D
[2024-07-18-09:40:17] [D, C, D] --> D
[2024-07-18-09:40:17] [D, D, C] --> D
[2024-07-18-09:40:17] [D, D, D] --> D
[2024-07-18-09:40:17] Recombining and mutating selection...
[2024-07-18-09:40:17] Created new population.

[2024-07-18-09:40:17] Epoch 35 / 200
[2024-07-18-09:40:17] Selecting individuals of population...
[2024-07-18-09:40:17] Playing tournament...
[2024-07-18-09:53:30] Wins: [10, 10, 9, 7, 6, 8, 3, 7, 7, 9, 4, 7, 7, 6, 5, 9, 9, 5, 7, 5, 7, 4, 2, 5, 2, 4, 9, 2, 8, 5, 3, 6, 7, 3, 2, 6, 6, 9, 6, 5, 4, 6, 5, 8, 8, 3, 5, 7, 3, 1, 6, 3, 5, 5, 5, 1, 3, 8, 3, 6, 5, 6, 4, 5, 2, 5, 7, 5, 2, 2, 5, 7, 3, 0, 2, 4, 4, 3, 2, 2, 2, 2, 0, 0, 4, 5, 2, 1, 2, 1, 1, 5, 0, 1, 1, 2, 2, 1, 0, 0]
[2024-07-18-09:53:30] Selecting...
[2024-07-18-09:53:30] Selected 100 strategies
[2024-07-18-09:53:30] with wins: [10, 10, 9, 9, 9, 9, 9, 9, 8, 8, 8, 8, 8, 7, 7, 7, 7, 7, 7, 7, 7, 7, 7, 7, 6, 6, 6, 6, 6, 6, 6, 6, 6, 6, 5, 5, 5, 5, 5, 5, 5, 5, 5, 5, 5, 5, 5, 5, 5, 5, 5, 5, 4, 4, 4, 4, 4, 4, 4, 4, 3, 3, 3, 3, 3, 3, 3, 3, 3, 3, 2, 2, 2, 2, 2, 2, 2, 2, 2, 2, 2, 2, 2, 2, 2, 2, 1, 1, 1, 1, 1, 1, 1, 1, 0, 0, 0, 0, 0, 0]
[2024-07-18-09:53:30] Best strategy (score: 10)
[2024-07-18-09:53:30] Genetic Strategy
[2024-07-18-09:53:30] moveTable
[2024-07-18-09:53:30] [C, C, C] --> C
[2024-07-18-09:53:30] [C, C, D] --> D
[2024-07-18-09:53:30] [C, D, C] --> C
[2024-07-18-09:53:30] [C, D, D] --> D
[2024-07-18-09:53:30] [D, C, C] --> D
[2024-07-18-09:53:30] [D, C, D] --> D
[2024-07-18-09:53:30] [D, D, C] --> D
[2024-07-18-09:53:30] [D, D, D] --> D
[2024-07-18-09:53:30] Recombining and mutating selection...
[2024-07-18-09:53:30] Created new population.

[2024-07-18-09:53:30] Epoch 36 / 200
[2024-07-18-09:53:30] Selecting individuals of population...
[2024-07-18-09:53:30] Playing tournament...
[2024-07-18-10:07:03] Wins: [10, 7, 7, 7, 4, 7, 10, 8, 9, 4, 3, 6, 8, 7, 10, 10, 5, 5, 9, 8, 6, 5, 4, 6, 7, 5, 8, 6, 7, 7, 7, 10, 8, 5, 9, 4, 4, 1, 5, 3, 0, 3, 4, 7, 3, 4, 1, 0, 6, 6, 7, 4, 3, 5, 5, 6, 6, 3, 3, 1, 9, 5, 3, 8, 3, 6, 2, 3, 2, 2, 5, 2, 2, 9, 1, 3, 4, 6, 1, 3, 0, 1, 5, 0, 3, 6, 3, 0, 4, 0, 0, 2, 4, 0, 0, 0, 4, 0, 0, 0]
[2024-07-18-10:07:03] Selecting...
[2024-07-18-10:07:03] Selected 100 strategies
[2024-07-18-10:07:03] with wins: [10, 10, 10, 10, 10, 9, 9, 9, 9, 9, 8, 8, 8, 8, 8, 8, 7, 7, 7, 7, 7, 7, 7, 7, 7, 7, 7, 6, 6, 6, 6, 6, 6, 6, 6, 6, 6, 6, 5, 5, 5, 5, 5, 5, 5, 5, 5, 5, 5, 4, 4, 4, 4, 4, 4, 4, 4, 4, 4, 4, 4, 3, 3, 3, 3, 3, 3, 3, 3, 3, 3, 3, 3, 3, 3, 2, 2, 2, 2, 2, 2, 1, 1, 1, 1, 1, 1, 0, 0, 0, 0, 0, 0, 0, 0, 0, 0, 0, 0, 0]
[2024-07-18-10:07:03] Best strategy (score: 10)
[2024-07-18-10:07:03] Genetic Strategy
[2024-07-18-10:07:03] moveTable
[2024-07-18-10:07:03] [C, C, C] --> C
[2024-07-18-10:07:03] [C, C, D] --> D
[2024-07-18-10:07:03] [C, D, C] --> C
[2024-07-18-10:07:03] [C, D, D] --> D
[2024-07-18-10:07:03] [D, C, C] --> D
[2024-07-18-10:07:03] [D, C, D] --> D
[2024-07-18-10:07:03] [D, D, C] --> D
[2024-07-18-10:07:03] [D, D, D] --> D
[2024-07-18-10:07:03] Recombining and mutating selection...
[2024-07-18-10:07:03] Created new population.

[2024-07-18-10:07:03] Epoch 37 / 200
[2024-07-18-10:07:03] Selecting individuals of population...
[2024-07-18-10:07:03] Playing tournament...
[2024-07-18-10:20:56] Wins: [10, 8, 8, 6, 8, 8, 8, 8, 8, 6, 7, 9, 5, 6, 7, 4, 4, 7, 9, 8, 4, 4, 3, 3, 7, 3, 5, 5, 7, 5, 4, 1, 4, 3, 7, 5, 1, 1, 7, 9, 6, 5, 6, 8, 4, 3, 6, 3, 1, 7, 3, 6, 7, 3, 5, 2, 1, 2, 2, 2, 1, 4, 2, 2, 4, 4, 6, 5, 5, 4, 2, 5, 0, 6, 2, 3, 0, 9, 4, 3, 2, 2, 1, 4, 1, 2, 3, 0, 3, 1, 5, 1, 0, 2, 1, 0, 3, 5, 0, 0]
[2024-07-18-10:20:56] Selecting...
[2024-07-18-10:20:56] Selected 100 strategies
[2024-07-18-10:20:56] with wins: [10, 9, 9, 9, 9, 8, 8, 8, 8, 8, 8, 8, 8, 8, 7, 7, 7, 7, 7, 7, 7, 7, 7, 6, 6, 6, 6, 6, 6, 6, 6, 6, 5, 5, 5, 5, 5, 5, 5, 5, 5, 5, 5, 5, 4, 4, 4, 4, 4, 4, 4, 4, 4, 4, 4, 4, 4, 3, 3, 3, 3, 3, 3, 3, 3, 3, 3, 3, 3, 3, 2, 2, 2, 2, 2, 2, 2, 2, 2, 2, 2, 2, 1, 1, 1, 1, 1, 1, 1, 1, 1, 1, 1, 0, 0, 0, 0, 0, 0, 0]
[2024-07-18-10:20:56] Best strategy (score: 10)
[2024-07-18-10:20:56] Genetic Strategy
[2024-07-18-10:20:56] moveTable
[2024-07-18-10:20:56] [C, C, C] --> C
[2024-07-18-10:20:56] [C, C, D] --> D
[2024-07-18-10:20:56] [C, D, C] --> C
[2024-07-18-10:20:56] [C, D, D] --> D
[2024-07-18-10:20:56] [D, C, C] --> D
[2024-07-18-10:20:56] [D, C, D] --> D
[2024-07-18-10:20:56] [D, D, C] --> D
[2024-07-18-10:20:56] [D, D, D] --> D
[2024-07-18-10:20:56] Recombining and mutating selection...
[2024-07-18-10:20:56] Created new population.

[2024-07-18-10:20:56] Epoch 38 / 200
[2024-07-18-10:20:56] Selecting individuals of population...
[2024-07-18-10:20:56] Playing tournament...
[2024-07-18-10:35:19] Wins: [7, 8, 8, 8, 4, 7, 8, 10, 7, 6, 5, 6, 7, 5, 7, 6, 5, 8, 9, 5, 6, 9, 6, 6, 6, 3, 5, 6, 3, 9, 1, 3, 6, 7, 7, 2, 5, 4, 2, 2, 9, 3, 3, 4, 5, 4, 6, 2, 5, 3, 5, 5, 1, 4, 7, 3, 6, 4, 3, 6, 2, 3, 5, 1, 4, 5, 3, 5, 0, 4, 8, 8, 3, 6, 6, 3, 5, 1, 5, 7, 3, 1, 2, 0, 0, 1, 6, 1, 5, 0, 0, 0, 1, 0, 1, 1, 0, 0, 1, 0]
[2024-07-18-10:35:19] Selecting...
[2024-07-18-10:35:19] Selected 100 strategies
[2024-07-18-10:35:19] with wins: [10, 9, 9, 9, 9, 8, 8, 8, 8, 8, 8, 8, 7, 7, 7, 7, 7, 7, 7, 7, 7, 6, 6, 6, 6, 6, 6, 6, 6, 6, 6, 6, 6, 6, 6, 6, 5, 5, 5, 5, 5, 5, 5, 5, 5, 5, 5, 5, 5, 5, 5, 5, 4, 4, 4, 4, 4, 4, 4, 4, 3, 3, 3, 3, 3, 3, 3, 3, 3, 3, 3, 3, 3, 2, 2, 2, 2, 2, 2, 1, 1, 1, 1, 1, 1, 1, 1, 1, 1, 1, 0, 0, 0, 0, 0, 0, 0, 0, 0, 0]
[2024-07-18-10:35:19] Best strategy (score: 10)
[2024-07-18-10:35:19] Genetic Strategy
[2024-07-18-10:35:19] moveTable
[2024-07-18-10:35:19] [C, C, C] --> D
[2024-07-18-10:35:19] [C, C, D] --> C
[2024-07-18-10:35:19] [C, D, C] --> C
[2024-07-18-10:35:19] [C, D, D] --> C
[2024-07-18-10:35:19] [D, C, C] --> D
[2024-07-18-10:35:19] [D, C, D] --> D
[2024-07-18-10:35:19] [D, D, C] --> D
[2024-07-18-10:35:19] [D, D, D] --> D
[2024-07-18-10:35:19] Recombining and mutating selection...
[2024-07-18-10:35:19] Created new population.

[2024-07-18-10:35:19] Epoch 39 / 200
[2024-07-18-10:35:19] Selecting individuals of population...
[2024-07-18-10:35:19] Playing tournament...
[2024-07-18-10:50:12] Wins: [9, 7, 9, 8, 7, 8, 6, 10, 10, 6, 6, 9, 9, 8, 5, 2, 6, 2, 2, 7, 7, 9, 8, 7, 1, 6, 5, 5, 5, 6, 10, 3, 1, 2, 4, 5, 3, 4, 2, 6, 2, 7, 2, 0, 5, 5, 5, 4, 4, 4, 7, 5, 4, 4, 6, 7, 5, 4, 4, 4, 7, 4, 5, 8, 5, 4, 1, 6, 5, 2, 1, 5, 3, 4, 6, 3, 6, 2, 3, 1, 3, 5, 2, 0, 5, 1, 0, 1, 4, 0, 0, 0, 0, 0, 1, 3, 0, 6, 0, 1]
[2024-07-18-10:50:12] Selecting...
[2024-07-18-10:50:12] Selected 100 strategies
[2024-07-18-10:50:12] with wins: [10, 10, 10, 9, 9, 9, 9, 9, 8, 8, 8, 8, 8, 7, 7, 7, 7, 7, 7, 7, 7, 7, 6, 6, 6, 6, 6, 6, 6, 6, 6, 6, 6, 6, 5, 5, 5, 5, 5, 5, 5, 5, 5, 5, 5, 5, 5, 5, 5, 5, 4, 4, 4, 4, 4, 4, 4, 4, 4, 4, 4, 4, 4, 4, 3, 3, 3, 3, 3, 3, 3, 2, 2, 2, 2, 2, 2, 2, 2, 2, 2, 1, 1, 1, 1, 1, 1, 1, 1, 1, 0, 0, 0, 0, 0, 0, 0, 0, 0, 0]
[2024-07-18-10:50:12] Best strategy (score: 10)
[2024-07-18-10:50:12] Genetic Strategy
[2024-07-18-10:50:12] moveTable
[2024-07-18-10:50:12] [C, C, C] --> D
[2024-07-18-10:50:12] [C, C, D] --> C
[2024-07-18-10:50:12] [C, D, C] --> D
[2024-07-18-10:50:12] [C, D, D] --> C
[2024-07-18-10:50:12] [D, C, C] --> D
[2024-07-18-10:50:12] [D, C, D] --> C
[2024-07-18-10:50:12] [D, D, C] --> D
[2024-07-18-10:50:12] [D, D, D] --> D
[2024-07-18-10:50:12] Recombining and mutating selection...
[2024-07-18-10:50:12] Created new population.

[2024-07-18-10:50:12] Epoch 40 / 200
[2024-07-18-10:50:12] Selecting individuals of population...
[2024-07-18-10:50:12] Playing tournament...
[2024-07-18-11:05:11] Wins: [7, 8, 10, 8, 6, 7, 5, 7, 5, 9, 9, 5, 3, 8, 9, 8, 1, 4, 6, 5, 5, 7, 5, 6, 9, 5, 4, 5, 4, 5, 6, 4, 3, 4, 8, 6, 6, 7, 4, 9, 5, 5, 6, 4, 5, 1, 5, 8, 3, 5, 6, 9, 3, 5, 6, 6, 3, 4, 4, 8, 5, 1, 6, 3, 4, 4, 4, 1, 5, 2, 0, 0, 5, 4, 4, 9, 1, 6, 2, 6, 0, 2, 4, 0, 0, 3, 5, 1, 0, 0, 2, 0, 0, 1, 1, 0, 0, 1, 0, 0]
[2024-07-18-11:05:11] Selecting...
[2024-07-18-11:05:11] Selected 100 strategies
[2024-07-18-11:05:11] with wins: [10, 9, 9, 9, 9, 9, 9, 9, 8, 8, 8, 8, 8, 8, 8, 7, 7, 7, 7, 7, 6, 6, 6, 6, 6, 6, 6, 6, 6, 6, 6, 6, 6, 5, 5, 5, 5, 5, 5, 5, 5, 5, 5, 5, 5, 5, 5, 5, 5, 5, 5, 5, 4, 4, 4, 4, 4, 4, 4, 4, 4, 4, 4, 4, 4, 4, 4, 3, 3, 3, 3, 3, 3, 3, 2, 2, 2, 2, 1, 1, 1, 1, 1, 1, 1, 1, 1, 0, 0, 0, 0, 0, 0, 0, 0, 0, 0, 0, 0, 0]
[2024-07-18-11:05:11] Best strategy (score: 10)
[2024-07-18-11:05:11] Genetic Strategy
[2024-07-18-11:05:11] moveTable
[2024-07-18-11:05:11] [C, C, C] --> D
[2024-07-18-11:05:11] [C, C, D] --> C
[2024-07-18-11:05:11] [C, D, C] --> D
[2024-07-18-11:05:11] [C, D, D] --> D
[2024-07-18-11:05:11] [D, C, C] --> D
[2024-07-18-11:05:11] [D, C, D] --> C
[2024-07-18-11:05:11] [D, D, C] --> D
[2024-07-18-11:05:11] [D, D, D] --> D
[2024-07-18-11:05:11] Recombining and mutating selection...
[2024-07-18-11:05:11] Created new population.

[2024-07-18-11:05:11] Epoch 41 / 200
[2024-07-18-11:05:11] Selecting individuals of population...
[2024-07-18-11:05:11] Playing tournament...
[2024-07-18-11:20:11] Wins: [9, 7, 9, 7, 9, 5, 3, 6, 4, 10, 7, 8, 9, 6, 5, 10, 10, 9, 8, 4, 5, 5, 6, 3, 5, 6, 10, 4, 9, 5, 7, 5, 7, 4, 8, 4, 5, 2, 1, 7, 4, 6, 3, 7, 0, 5, 3, 5, 7, 6, 3, 6, 8, 7, 6, 4, 1, 3, 10, 5, 6, 5, 2, 3, 6, 5, 2, 5, 4, 2, 2, 4, 5, 1, 1, 1, 3, 0, 2, 0, 3, 0, 5, 0, 2, 4, 0, 0, 2, 0, 0, 0, 0, 2, 0, 0, 4, 0, 1, 0]
[2024-07-18-11:20:11] Selecting...
[2024-07-18-11:20:11] Selected 100 strategies
[2024-07-18-11:20:11] with wins: [10, 10, 10, 10, 10, 9, 9, 9, 9, 9, 9, 8, 8, 8, 8, 7, 7, 7, 7, 7, 7, 7, 7, 7, 6, 6, 6, 6, 6, 6, 6, 6, 6, 6, 5, 5, 5, 5, 5, 5, 5, 5, 5, 5, 5, 5, 5, 5, 5, 5, 4, 4, 4, 4, 4, 4, 4, 4, 4, 4, 4, 3, 3, 3, 3, 3, 3, 3, 3, 3, 2, 2, 2, 2, 2, 2, 2, 2, 2, 1, 1, 1, 1, 1, 1, 0, 0, 0, 0, 0, 0, 0, 0, 0, 0, 0, 0, 0, 0, 0]
[2024-07-18-11:20:11] Best strategy (score: 10)
[2024-07-18-11:20:11] Genetic Strategy
[2024-07-18-11:20:11] moveTable
[2024-07-18-11:20:11] [C, C, C] --> D
[2024-07-18-11:20:11] [C, C, D] --> C
[2024-07-18-11:20:11] [C, D, C] --> D
[2024-07-18-11:20:11] [C, D, D] --> C
[2024-07-18-11:20:11] [D, C, C] --> D
[2024-07-18-11:20:11] [D, C, D] --> D
[2024-07-18-11:20:11] [D, D, C] --> D
[2024-07-18-11:20:11] [D, D, D] --> D
[2024-07-18-11:20:11] Recombining and mutating selection...
[2024-07-18-11:20:11] Created new population.

[2024-07-18-11:20:11] Epoch 42 / 200
[2024-07-18-11:20:11] Selecting individuals of population...
[2024-07-18-11:20:11] Playing tournament...
[2024-07-18-11:35:27] Wins: [10, 8, 9, 10, 5, 9, 7, 6, 1, 9, 2, 6, 10, 5, 4, 9, 5, 3, 8, 8, 6, 3, 5, 5, 4, 7, 5, 8, 8, 6, 5, 6, 8, 8, 7, 4, 6, 5, 6, 1, 4, 4, 7, 7, 2, 6, 3, 4, 4, 1, 4, 4, 8, 6, 2, 4, 6, 5, 3, 2, 7, 4, 3, 5, 3, 2, 5, 3, 3, 4, 5, 4, 1, 4, 3, 7, 0, 2, 3, 4, 0, 3, 3, 3, 0, 5, 1, 1, 4, 1, 0, 1, 0, 0, 4, 0, 2, 0, 2, 0]
[2024-07-18-11:35:27] Selecting...
[2024-07-18-11:35:27] Selected 100 strategies
[2024-07-18-11:35:27] with wins: [10, 10, 10, 9, 9, 9, 9, 8, 8, 8, 8, 8, 8, 8, 8, 7, 7, 7, 7, 7, 7, 7, 6, 6, 6, 6, 6, 6, 6, 6, 6, 6, 5, 5, 5, 5, 5, 5, 5, 5, 5, 5, 5, 5, 5, 4, 4, 4, 4, 4, 4, 4, 4, 4, 4, 4, 4, 4, 4, 4, 4, 4, 3, 3, 3, 3, 3, 3, 3, 3, 3, 3, 3, 3, 3, 2, 2, 2, 2, 2, 2, 2, 2, 1, 1, 1, 1, 1, 1, 1, 1, 0, 0, 0, 0, 0, 0, 0, 0, 0]
[2024-07-18-11:35:27] Best strategy (score: 10)
[2024-07-18-11:35:27] Genetic Strategy
[2024-07-18-11:35:27] moveTable
[2024-07-18-11:35:27] [C, C, C] --> D
[2024-07-18-11:35:27] [C, C, D] --> C
[2024-07-18-11:35:27] [C, D, C] --> D
[2024-07-18-11:35:27] [C, D, D] --> C
[2024-07-18-11:35:27] [D, C, C] --> D
[2024-07-18-11:35:27] [D, C, D] --> D
[2024-07-18-11:35:27] [D, D, C] --> D
[2024-07-18-11:35:27] [D, D, D] --> D
[2024-07-18-11:35:27] Recombining and mutating selection...
[2024-07-18-11:35:27] Created new population.

[2024-07-18-11:35:27] Epoch 43 / 200
[2024-07-18-11:35:27] Selecting individuals of population...
[2024-07-18-11:35:27] Playing tournament...
[2024-07-18-11:51:25] Wins: [10, 10, 6, 9, 9, 7, 10, 10, 8, 0, 5, 1, 8, 2, 3, 9, 7, 4, 6, 3, 0, 6, 7, 7, 3, 1, 6, 7, 6, 9, 6, 3, 4, 3, 6, 5, 5, 4, 6, 7, 5, 7, 4, 7, 1, 8, 7, 4, 8, 5, 5, 1, 9, 3, 6, 5, 3, 5, 4, 5, 2, 0, 8, 2, 5, 2, 6, 1, 4, 6, 5, 2, 3, 1, 2, 6, 6, 8, 3, 2, 1, 0, 2, 3, 2, 6, 2, 2, 1, 2, 0, 0, 3, 0, 0, 3, 2, 3, 0, 2]
[2024-07-18-11:51:25] Selecting...
[2024-07-18-11:51:25] Selected 100 strategies
[2024-07-18-11:51:25] with wins: [10, 10, 10, 10, 9, 9, 9, 9, 9, 8, 8, 8, 8, 8, 8, 7, 7, 7, 7, 7, 7, 7, 7, 7, 6, 6, 6, 6, 6, 6, 6, 6, 6, 6, 6, 6, 6, 6, 5, 5, 5, 5, 5, 5, 5, 5, 5, 5, 5, 4, 4, 4, 4, 4, 4, 4, 3, 3, 3, 3, 3, 3, 3, 3, 3, 3, 3, 3, 3, 2, 2, 2, 2, 2, 2, 2, 2, 2, 2, 2, 2, 2, 2, 1, 1, 1, 1, 1, 1, 1, 1, 0, 0, 0, 0, 0, 0, 0, 0, 0]
[2024-07-18-11:51:25] Best strategy (score: 10)
[2024-07-18-11:51:25] Genetic Strategy
[2024-07-18-11:51:25] moveTable
[2024-07-18-11:51:25] [C, C, C] --> D
[2024-07-18-11:51:25] [C, C, D] --> C
[2024-07-18-11:51:25] [C, D, C] --> D
[2024-07-18-11:51:25] [C, D, D] --> C
[2024-07-18-11:51:25] [D, C, C] --> D
[2024-07-18-11:51:25] [D, C, D] --> D
[2024-07-18-11:51:25] [D, D, C] --> D
[2024-07-18-11:51:25] [D, D, D] --> D
[2024-07-18-11:51:25] Recombining and mutating selection...
[2024-07-18-11:51:25] Created new population.

[2024-07-18-11:51:25] Epoch 44 / 200
[2024-07-18-11:51:25] Selecting individuals of population...
[2024-07-18-11:51:25] Playing tournament...
[2024-07-18-12:07:41] Wins: [9, 9, 8, 9, 7, 8, 8, 8, 6, 6, 4, 4, 9, 6, 5, 4, 8, 7, 6, 3, 7, 7, 9, 3, 8, 7, 4, 6, 4, 4, 4, 5, 4, 6, 6, 6, 1, 4, 5, 6, 4, 6, 7, 7, 5, 9, 0, 7, 4, 7, 3, 5, 5, 6, 7, 7, 5, 1, 6, 8, 6, 4, 4, 7, 3, 4, 2, 4, 1, 1, 3, 4, 1, 3, 3, 0, 4, 3, 3, 6, 1, 2, 0, 1, 9, 2, 1, 5, 0, 3, 1, 2, 0, 0, 0, 0, 1, 5, 0, 1]
[2024-07-18-12:07:41] Selecting...
[2024-07-18-12:07:41] Selected 100 strategies
[2024-07-18-12:07:41] with wins: [9, 9, 9, 9, 9, 9, 9, 8, 8, 8, 8, 8, 8, 8, 7, 7, 7, 7, 7, 7, 7, 7, 7, 7, 7, 7, 6, 6, 6, 6, 6, 6, 6, 6, 6, 6, 6, 6, 6, 6, 5, 5, 5, 5, 5, 5, 5, 5, 5, 4, 4, 4, 4, 4, 4, 4, 4, 4, 4, 4, 4, 4, 4, 4, 4, 4, 3, 3, 3, 3, 3, 3, 3, 3, 3, 3, 2, 2, 2, 2, 1, 1, 1, 1, 1, 1, 1, 1, 1, 1, 1, 0, 0, 0, 0, 0, 0, 0, 0, 0]
[2024-07-18-12:07:41] Best strategy (score: 9)
[2024-07-18-12:07:41] Genetic Strategy
[2024-07-18-12:07:41] moveTable
[2024-07-18-12:07:41] [C, C, C] --> D
[2024-07-18-12:07:41] [C, C, D] --> C
[2024-07-18-12:07:41] [C, D, C] --> D
[2024-07-18-12:07:41] [C, D, D] --> C
[2024-07-18-12:07:41] [D, C, C] --> D
[2024-07-18-12:07:41] [D, C, D] --> D
[2024-07-18-12:07:41] [D, D, C] --> C
[2024-07-18-12:07:41] [D, D, D] --> D
[2024-07-18-12:07:41] Recombining and mutating selection...
[2024-07-18-12:07:41] Created new population.

[2024-07-18-12:07:41] Epoch 45 / 200
[2024-07-18-12:07:41] Selecting individuals of population...
[2024-07-18-12:07:41] Playing tournament...
[2024-07-18-12:24:20] Wins: [10, 10, 9, 7, 7, 7, 2, 9, 4, 9, 7, 6, 4, 5, 10, 7, 8, 4, 5, 7, 8, 6, 7, 7, 6, 0, 4, 4, 6, 5, 4, 4, 7, 3, 5, 4, 3, 8, 4, 4, 7, 5, 4, 5, 6, 8, 6, 4, 3, 4, 5, 8, 8, 8, 4, 10, 3, 4, 2, 3, 5, 5, 0, 0, 4, 4, 6, 5, 6, 5, 2, 7, 2, 6, 4, 6, 3, 0, 5, 1, 4, 4, 1, 0, 3, 5, 0, 3, 3, 3, 0, 5, 3, 0, 1, 4, 2, 0, 2, 0]
[2024-07-18-12:24:20] Selecting...
[2024-07-18-12:24:20] Selected 100 strategies
[2024-07-18-12:24:20] with wins: [10, 10, 10, 10, 9, 9, 9, 8, 8, 8, 8, 8, 8, 8, 7, 7, 7, 7, 7, 7, 7, 7, 7, 7, 7, 6, 6, 6, 6, 6, 6, 6, 6, 6, 6, 5, 5, 5, 5, 5, 5, 5, 5, 5, 5, 5, 5, 5, 5, 4, 4, 4, 4, 4, 4, 4, 4, 4, 4, 4, 4, 4, 4, 4, 4, 4, 4, 4, 4, 4, 3, 3, 3, 3, 3, 3, 3, 3, 3, 3, 3, 2, 2, 2, 2, 2, 2, 1, 1, 1, 0, 0, 0, 0, 0, 0, 0, 0, 0, 0]
[2024-07-18-12:24:20] Best strategy (score: 10)
[2024-07-18-12:24:20] Genetic Strategy
[2024-07-18-12:24:20] moveTable
[2024-07-18-12:24:20] [C, C, C] --> D
[2024-07-18-12:24:20] [C, C, D] --> D
[2024-07-18-12:24:20] [C, D, C] --> D
[2024-07-18-12:24:20] [C, D, D] --> C
[2024-07-18-12:24:20] [D, C, C] --> D
[2024-07-18-12:24:20] [D, C, D] --> D
[2024-07-18-12:24:20] [D, D, C] --> C
[2024-07-18-12:24:20] [D, D, D] --> D
[2024-07-18-12:24:20] Recombining and mutating selection...
[2024-07-18-12:24:20] Created new population.

[2024-07-18-12:24:20] Epoch 46 / 200
[2024-07-18-12:24:20] Selecting individuals of population...
[2024-07-18-12:24:20] Playing tournament...
[2024-07-18-12:41:43] Wins: [8, 10, 8, 6, 10, 9, 9, 9, 7, 8, 7, 5, 7, 7, 6, 10, 0, 7, 7, 2, 8, 10, 5, 5, 0, 5, 5, 2, 5, 0, 7, 8, 4, 6, 8, 8, 3, 7, 3, 8, 3, 4, 3, 2, 3, 7, 6, 3, 4, 4, 7, 4, 5, 6, 2, 4, 5, 5, 8, 1, 3, 7, 0, 6, 5, 3, 2, 2, 4, 3, 1, 5, 3, 6, 1, 2, 3, 7, 1, 3, 2, 2, 4, 6, 3, 4, 1, 0, 1, 3, 3, 2, 0, 2, 1, 0, 1, 0, 1, 1]
[2024-07-18-12:41:43] Selecting...
[2024-07-18-12:41:43] Selected 100 strategies
[2024-07-18-12:41:43] with wins: [10, 10, 10, 10, 9, 9, 9, 8, 8, 8, 8, 8, 8, 8, 8, 8, 7, 7, 7, 7, 7, 7, 7, 7, 7, 7, 7, 7, 6, 6, 6, 6, 6, 6, 6, 6, 5, 5, 5, 5, 5, 5, 5, 5, 5, 5, 5, 4, 4, 4, 4, 4, 4, 4, 4, 4, 3, 3, 3, 3, 3, 3, 3, 3, 3, 3, 3, 3, 3, 3, 3, 2, 2, 2, 2, 2, 2, 2, 2, 2, 2, 2, 1, 1, 1, 1, 1, 1, 1, 1, 1, 1, 0, 0, 0, 0, 0, 0, 0, 0]
[2024-07-18-12:41:43] Best strategy (score: 10)
[2024-07-18-12:41:43] Genetic Strategy
[2024-07-18-12:41:43] moveTable
[2024-07-18-12:41:43] [C, C, C] --> C
[2024-07-18-12:41:43] [C, C, D] --> D
[2024-07-18-12:41:43] [C, D, C] --> C
[2024-07-18-12:41:43] [C, D, D] --> D
[2024-07-18-12:41:43] [D, C, C] --> D
[2024-07-18-12:41:43] [D, C, D] --> D
[2024-07-18-12:41:43] [D, D, C] --> D
[2024-07-18-12:41:43] [D, D, D] --> D
[2024-07-18-12:41:43] Recombining and mutating selection...
[2024-07-18-12:41:43] Created new population.

[2024-07-18-12:41:43] Epoch 47 / 200
[2024-07-18-12:41:43] Selecting individuals of population...
[2024-07-18-12:41:43] Playing tournament...
[2024-07-18-13:00:23] Wins: [9, 9, 8, 10, 8, 7, 6, 7, 5, 5, 4, 4, 3, 7, 8, 5, 4, 5, 7, 2, 3, 7, 3, 7, 4, 4, 4, 3, 6, 7, 3, 5, 7, 6, 8, 7, 5, 4, 6, 5, 4, 7, 6, 4, 5, 4, 4, 9, 2, 2, 2, 7, 2, 3, 4, 5, 6, 5, 7, 4, 4, 1, 1, 2, 1, 4, 7, 5, 2, 1, 1, 4, 4, 2, 4, 5, 1, 2, 3, 1, 1, 0, 7, 4, 4, 0, 5, 4, 0, 2, 3, 0, 3, 1, 3, 2, 4, 0, 0, 5]
[2024-07-18-13:00:23] Selecting...
[2024-07-18-13:00:23] Selected 100 strategies
[2024-07-18-13:00:23] with wins: [10, 9, 9, 9, 8, 8, 8, 8, 7, 7, 7, 7, 7, 7, 7, 7, 7, 7, 7, 7, 7, 7, 6, 6, 6, 6, 6, 6, 5, 5, 5, 5, 5, 5, 5, 5, 5, 5, 5, 5, 5, 5, 4, 4, 4, 4, 4, 4, 4, 4, 4, 4, 4, 4, 4, 4, 4, 4, 4, 4, 4, 4, 4, 4, 3, 3, 3, 3, 3, 3, 3, 3, 3, 3, 2, 2, 2, 2, 2, 2, 2, 2, 2, 2, 2, 1, 1, 1, 1, 1, 1, 1, 1, 1, 0, 0, 0, 0, 0, 0]
[2024-07-18-13:00:23] Best strategy (score: 10)
[2024-07-18-13:00:23] Genetic Strategy
[2024-07-18-13:00:23] moveTable
[2024-07-18-13:00:23] [C, C, C] --> C
[2024-07-18-13:00:23] [C, C, D] --> D
[2024-07-18-13:00:23] [C, D, C] --> C
[2024-07-18-13:00:23] [C, D, D] --> C
[2024-07-18-13:00:23] [D, C, C] --> D
[2024-07-18-13:00:23] [D, C, D] --> C
[2024-07-18-13:00:23] [D, D, C] --> D
[2024-07-18-13:00:23] [D, D, D] --> D
[2024-07-18-13:00:23] Recombining and mutating selection...
[2024-07-18-13:00:23] Created new population.

[2024-07-18-13:00:23] Epoch 48 / 200
[2024-07-18-13:00:23] Selecting individuals of population...
[2024-07-18-13:00:23] Playing tournament...
[2024-07-18-13:19:46] Wins: [5, 10, 9, 6, 8, 9, 9, 8, 7, 6, 7, 5, 10, 8, 7, 5, 6, 5, 5, 3, 5, 5, 6, 7, 3, 5, 7, 9, 5, 8, 1, 4, 3, 5, 3, 7, 9, 4, 6, 0, 5, 5, 7, 7, 8, 7, 7, 3, 6, 6, 7, 7, 1, 7, 6, 10, 2, 1, 5, 5, 4, 5, 2, 4, 3, 0, 6, 2, 4, 4, 2, 4, 1, 3, 5, 4, 2, 7, 1, 3, 2, 2, 4, 3, 5, 4, 0, 5, 2, 1, 2, 2, 0, 3, 0, 0, 5, 0, 1, 0]
[2024-07-18-13:19:46] Selecting...
[2024-07-18-13:19:46] Selected 100 strategies
[2024-07-18-13:19:46] with wins: [10, 10, 10, 9, 9, 9, 9, 9, 8, 8, 8, 8, 8, 7, 7, 7, 7, 7, 7, 7, 7, 7, 7, 7, 7, 7, 7, 6, 6, 6, 6, 6, 6, 6, 6, 6, 5, 5, 5, 5, 5, 5, 5, 5, 5, 5, 5, 5, 5, 5, 5, 5, 5, 5, 5, 4, 4, 4, 4, 4, 4, 4, 4, 4, 4, 3, 3, 3, 3, 3, 3, 3, 3, 3, 3, 2, 2, 2, 2, 2, 2, 2, 2, 2, 2, 1, 1, 1, 1, 1, 1, 1, 0, 0, 0, 0, 0, 0, 0, 0]
[2024-07-18-13:19:46] Best strategy (score: 10)
[2024-07-18-13:19:46] Genetic Strategy
[2024-07-18-13:19:46] moveTable
[2024-07-18-13:19:46] [C, C, C] --> D
[2024-07-18-13:19:46] [C, C, D] --> D
[2024-07-18-13:19:46] [C, D, C] --> D
[2024-07-18-13:19:46] [C, D, D] --> D
[2024-07-18-13:19:46] [D, C, C] --> D
[2024-07-18-13:19:46] [D, C, D] --> D
[2024-07-18-13:19:46] [D, D, C] --> D
[2024-07-18-13:19:46] [D, D, D] --> D
[2024-07-18-13:19:46] Recombining and mutating selection...
[2024-07-18-13:19:46] Created new population.

[2024-07-18-13:19:46] Epoch 49 / 200
[2024-07-18-13:19:46] Selecting individuals of population...
[2024-07-18-13:19:46] Playing tournament...
[2024-07-18-13:39:50] Wins: [10, 6, 7, 8, 7, 6, 5, 10, 5, 5, 7, 7, 5, 4, 5, 1, 6, 8, 6, 6, 7, 7, 5, 5, 5, 6, 4, 4, 10, 6, 2, 4, 10, 4, 4, 6, 9, 4, 7, 4, 8, 4, 7, 6, 3, 7, 3, 2, 8, 3, 3, 7, 1, 4, 4, 8, 7, 6, 2, 5, 2, 5, 2, 7, 5, 4, 5, 6, 3, 6, 1, 1, 3, 2, 4, 1, 0, 1, 2, 5, 3, 3, 3, 3, 2, 2, 4, 1, 4, 1, 6, 1, 3, 5, 9, 2, 1, 0, 0, 0]
[2024-07-18-13:39:50] Selecting...
[2024-07-18-13:39:50] Selected 100 strategies
[2024-07-18-13:39:50] with wins: [10, 10, 10, 10, 9, 9, 8, 8, 8, 8, 8, 7, 7, 7, 7, 7, 7, 7, 7, 7, 7, 7, 7, 6, 6, 6, 6, 6, 6, 6, 6, 6, 6, 6, 6, 6, 5, 5, 5, 5, 5, 5, 5, 5, 5, 5, 5, 5, 5, 5, 4, 4, 4, 4, 4, 4, 4, 4, 4, 4, 4, 4, 4, 4, 4, 3, 3, 3, 3, 3, 3, 3, 3, 3, 3, 3, 2, 2, 2, 2, 2, 2, 2, 2, 2, 2, 1, 1, 1, 1, 1, 1, 1, 1, 1, 1, 0, 0, 0, 0]
[2024-07-18-13:39:50] Best strategy (score: 10)
[2024-07-18-13:39:50] Genetic Strategy
[2024-07-18-13:39:50] moveTable
[2024-07-18-13:39:50] [C, C, C] --> D
[2024-07-18-13:39:50] [C, C, D] --> D
[2024-07-18-13:39:50] [C, D, C] --> D
[2024-07-18-13:39:50] [C, D, D] --> D
[2024-07-18-13:39:50] [D, C, C] --> D
[2024-07-18-13:39:50] [D, C, D] --> D
[2024-07-18-13:39:50] [D, D, C] --> D
[2024-07-18-13:39:50] [D, D, D] --> C
[2024-07-18-13:39:50] Recombining and mutating selection...
[2024-07-18-13:39:50] Created new population.

[2024-07-18-13:39:50] Epoch 50 / 200
[2024-07-18-13:39:50] Selecting individuals of population...
[2024-07-18-13:39:50] Playing tournament...
[2024-07-18-14:00:11] Wins: [8, 8, 6, 5, 8, 5, 4, 10, 3, 4, 6, 3, 7, 8, 5, 8, 2, 7, 2, 3, 5, 5, 7, 10, 7, 4, 0, 8, 2, 4, 6, 2, 3, 4, 6, 4, 3, 7, 7, 7, 3, 4, 7, 5, 8, 3, 6, 10, 7, 6, 5, 3, 5, 5, 8, 3, 3, 4, 4, 0, 1, 5, 1, 3, 2, 0, 5, 2, 9, 2, 2, 6, 3, 4, 5, 6, 7, 5, 4, 2, 2, 4, 3, 3, 3, 1, 2, 4, 2, 1, 3, 4, 3, 3, 0, 3, 2, 0, 2, 0]
[2024-07-18-14:00:11] Selecting...
[2024-07-18-14:00:11] Selected 100 strategies
[2024-07-18-14:00:11] with wins: [10, 10, 10, 9, 8, 8, 8, 8, 8, 8, 8, 8, 7, 7, 7, 7, 7, 7, 7, 7, 7, 7, 6, 6, 6, 6, 6, 6, 6, 6, 5, 5, 5, 5, 5, 5, 5, 5, 5, 5, 5, 5, 5, 4, 4, 4, 4, 4, 4, 4, 4, 4, 4, 4, 4, 4, 4, 3, 3, 3, 3, 3, 3, 3, 3, 3, 3, 3, 3, 3, 3, 3, 3, 3, 3, 3, 2, 2, 2, 2, 2, 2, 2, 2, 2, 2, 2, 2, 2, 2, 1, 1, 1, 1, 0, 0, 0, 0, 0, 0]
[2024-07-18-14:00:11] Best strategy (score: 10)
[2024-07-18-14:00:11] Genetic Strategy
[2024-07-18-14:00:11] moveTable
[2024-07-18-14:00:11] [C, C, C] --> D
[2024-07-18-14:00:11] [C, C, D] --> D
[2024-07-18-14:00:11] [C, D, C] --> D
[2024-07-18-14:00:11] [C, D, D] --> C
[2024-07-18-14:00:11] [D, C, C] --> D
[2024-07-18-14:00:11] [D, C, D] --> D
[2024-07-18-14:00:11] [D, D, C] --> D
[2024-07-18-14:00:11] [D, D, D] --> D
[2024-07-18-14:00:11] Recombining and mutating selection...
[2024-07-18-14:00:11] Created new population.

[2024-07-18-14:00:11] Playing final tournament...
[2024-07-18-14:00:11] Selecting individuals of population...
[2024-07-18-14:00:11] Playing tournament...
[2024-07-18-14:20:54] Wins: [7, 9, 8, 5, 8, 4, 7, 8, 10, 5, 7, 9, 9, 4, 5, 7, 3, 7, 3, 9, 5, 5, 10, 8, 4, 6, 7, 1, 5, 3, 6, 8, 7, 8, 6, 8, 8, 4, 4, 4, 2, 3, 4, 9, 6, 6, 5, 4, 2, 7, 0, 3, 1, 2, 3, 4, 2, 4, 5, 4, 3, 1, 5, 7, 2, 1, 5, 3, 4, 4, 3, 0, 3, 4, 0, 0, 8, 4, 9, 3, 4, 4, 5, 4, 4, 4, 3, 1, 1, 1, 1, 4, 6, 6, 3, 2, 2, 1, 0, 1]
[2024-07-18-14:20:54] Selecting...
[2024-07-18-14:20:54] Selected 100 strategies
[2024-07-18-14:20:54] with wins: [10, 10, 9, 9, 9, 9, 9, 9, 8, 8, 8, 8, 8, 8, 8, 8, 8, 7, 7, 7, 7, 7, 7, 7, 7, 7, 6, 6, 6, 6, 6, 6, 6, 5, 5, 5, 5, 5, 5, 5, 5, 5, 5, 5, 4, 4, 4, 4, 4, 4, 4, 4, 4, 4, 4, 4, 4, 4, 4, 4, 4, 4, 4, 4, 4, 3, 3, 3, 3, 3, 3, 3, 3, 3, 3, 3, 3, 3, 2, 2, 2, 2, 2, 2, 2, 1, 1, 1, 1, 1, 1, 1, 1, 1, 1, 0, 0, 0, 0, 0]
[2024-07-18-14:20:54] Best strategy (score: 10)
[2024-07-18-14:20:54] Genetic Strategy
[2024-07-18-14:20:54] moveTable
[2024-07-18-14:20:54] [C, C, C] --> C
[2024-07-18-14:20:54] [C, C, D] --> D
[2024-07-18-14:20:54] [C, D, C] --> D
[2024-07-18-14:20:54] [C, D, D] --> D
[2024-07-18-14:20:54] [D, C, C] --> D
[2024-07-18-14:20:54] [D, C, D] --> D
[2024-07-18-14:20:54] [D, D, C] --> C
[2024-07-18-14:20:54] [D, D, D] --> D
